World Size: 4
GPUs per task: 4
nid008612:716800:716800 [0] NCCL INFO ENV/Plugin: Could not find: libnccl-env.so
nid008612:716800:716800 [0] NCCL INFO NCCL_SOCKET_IFNAME set by environment to hsn
nid008612:716800:716800 [0] NCCL INFO Bootstrap: Using hsn0:10.249.41.8<0>
nid008612:716800:716800 [0] NCCL INFO cudaDriverVersion 13000
nid008612:716800:716800 [0] NCCL INFO NCCL version 2.28.9+cuda13.0
nid008612:716802:716802 [0] NCCL INFO ENV/Plugin: Could not find: libnccl-env.so
nid008612:716803:716803 [0] NCCL INFO ENV/Plugin: Could not find: libnccl-env.so
nid008612:716802:716802 [0] NCCL INFO cudaDriverVersion 13000
nid008612:716803:716803 [0] NCCL INFO cudaDriverVersion 13000
nid008612:716801:716801 [0] NCCL INFO ENV/Plugin: Could not find: libnccl-env.so
nid008612:716801:716801 [0] NCCL INFO cudaDriverVersion 13000
nid008612:716802:716802 [0] NCCL INFO NCCL_SOCKET_IFNAME set by environment to hsn
nid008612:716801:716801 [0] NCCL INFO NCCL_SOCKET_IFNAME set by environment to hsn
nid008612:716803:716803 [0] NCCL INFO NCCL_SOCKET_IFNAME set by environment to hsn
nid008612:716800:716800 [0] NCCL INFO Comm config Blocking set to 1
nid008612:716802:716802 [0] NCCL INFO Bootstrap: Using hsn0:10.249.41.8<0>
nid008612:716803:716803 [0] NCCL INFO Bootstrap: Using hsn0:10.249.41.8<0>
nid008612:716802:716802 [0] NCCL INFO NCCL version 2.28.9+cuda13.0
nid008612:716801:716801 [0] NCCL INFO Bootstrap: Using hsn0:10.249.41.8<0>
nid008612:716801:716801 [0] NCCL INFO NCCL version 2.28.9+cuda13.0
nid008612:716803:716803 [0] NCCL INFO NCCL version 2.28.9+cuda13.0
nid008612:716802:716802 [0] NCCL INFO Comm config Blocking set to 1
nid008612:716803:716803 [0] NCCL INFO Comm config Blocking set to 1
nid008612:716801:716801 [0] NCCL INFO Comm config Blocking set to 1
nid008612:716801:716801 [0] NCCL INFO NET/Plugin: libnccl-net.so: /lib/x86_64-linux-gnu/libnl-route-3.so.200: undefined symbol: nla_nest_end_keep_empty
nid008612:716800:716800 [0] NCCL INFO NET/Plugin: libnccl-net.so: /lib/x86_64-linux-gnu/libnl-route-3.so.200: undefined symbol: nla_nest_end_keep_empty
nid008612:716801:716801 [0] NCCL INFO Failed to open libibverbs.so[.1]
nid008612:716801:716801 [0] NCCL INFO transport/net_ib.cc:852 -> 3
nid008612:716801:716801 [0] NCCL INFO Failed to initialize NET plugin IB
nid008612:716801:716801 [0] NCCL INFO NCCL_SOCKET_IFNAME set by environment to hsn
nid008612:716800:716800 [0] NCCL INFO Failed to open libibverbs.so[.1]
nid008612:716800:716800 [0] NCCL INFO transport/net_ib.cc:852 -> 3
nid008612:716800:716800 [0] NCCL INFO Failed to initialize NET plugin IB
nid008612:716800:716800 [0] NCCL INFO NCCL_SOCKET_IFNAME set by environment to hsn
nid008612:716801:716801 [0] NCCL INFO NET/Socket : Using [0]hsn0:10.249.41.8<0> [1]hsn0:chn:128.55.83.79<0> [2]hsn1:10.249.40.248<0> [3]hsn2:10.249.40.247<0> [4]hsn3:10.249.41.7<0>
nid008612:716801:716801 [0] NCCL INFO Initialized NET plugin Socket
nid008612:716800:716800 [0] NCCL INFO NET/Socket : Using [0]hsn0:10.249.41.8<0> [1]hsn0:chn:128.55.83.79<0> [2]hsn1:10.249.40.248<0> [3]hsn2:10.249.40.247<0> [4]hsn3:10.249.41.7<0>
nid008612:716800:716800 [0] NCCL INFO Initialized NET plugin Socket
nid008612:716801:716801 [0] NCCL INFO Assigned NET plugin Socket to comm
nid008612:716801:716801 [0] NCCL INFO Using network Socket
nid008612:716800:716800 [0] NCCL INFO Assigned NET plugin Socket to comm
nid008612:716800:716800 [0] NCCL INFO Using network Socket
nid008612:716803:716803 [0] NCCL INFO NET/Plugin: libnccl-net.so: /lib/x86_64-linux-gnu/libnl-route-3.so.200: undefined symbol: nla_nest_end_keep_empty
nid008612:716803:716803 [0] NCCL INFO Failed to open libibverbs.so[.1]
nid008612:716803:716803 [0] NCCL INFO transport/net_ib.cc:852 -> 3
nid008612:716803:716803 [0] NCCL INFO Failed to initialize NET plugin IB
nid008612:716803:716803 [0] NCCL INFO NCCL_SOCKET_IFNAME set by environment to hsn
nid008612:716803:716803 [0] NCCL INFO NET/Socket : Using [0]hsn0:10.249.41.8<0> [1]hsn0:chn:128.55.83.79<0> [2]hsn1:10.249.40.248<0> [3]hsn2:10.249.40.247<0> [4]hsn3:10.249.41.7<0>
nid008612:716803:716803 [0] NCCL INFO Initialized NET plugin Socket
nid008612:716803:716803 [0] NCCL INFO Assigned NET plugin Socket to comm
nid008612:716803:716803 [0] NCCL INFO Using network Socket
nid008612:716802:716802 [0] NCCL INFO NET/Plugin: libnccl-net.so: /lib/x86_64-linux-gnu/libnl-route-3.so.200: undefined symbol: nla_nest_end_keep_empty
nid008612:716802:716802 [0] NCCL INFO Failed to open libibverbs.so[.1]
nid008612:716802:716802 [0] NCCL INFO transport/net_ib.cc:852 -> 3
nid008612:716802:716802 [0] NCCL INFO Failed to initialize NET plugin IB
nid008612:716802:716802 [0] NCCL INFO NCCL_SOCKET_IFNAME set by environment to hsn
nid008612:716802:716802 [0] NCCL INFO NET/Socket : Using [0]hsn0:10.249.41.8<0> [1]hsn0:chn:128.55.83.79<0> [2]hsn1:10.249.40.248<0> [3]hsn2:10.249.40.247<0> [4]hsn3:10.249.41.7<0>
nid008612:716802:716802 [0] NCCL INFO Initialized NET plugin Socket
nid008612:716802:716802 [0] NCCL INFO Assigned NET plugin Socket to comm
nid008612:716802:716802 [0] NCCL INFO Using network Socket
nid008612:716801:716801 [0] NCCL INFO ncclCommInitRankConfig comm 0x10e83a00 rank 1 nranks 4 cudaDev 0 nvmlDev 0 busId 3000 commId 0x6d3ebe7ffe1d7950 - Init START
nid008612:716800:716800 [0] NCCL INFO ncclCommInitRankConfig comm 0xc6bebc0 rank 0 nranks 4 cudaDev 0 nvmlDev 0 busId 3000 commId 0x6d3ebe7ffe1d7950 - Init START
nid008612:716803:716803 [0] NCCL INFO ncclCommInitRankConfig comm 0x10e83c40 rank 3 nranks 4 cudaDev 0 nvmlDev 0 busId 3000 commId 0x6d3ebe7ffe1d7950 - Init START
nid008612:716800:716800 [0] NCCL INFO RAS client listening socket at ::1<28028>
nid008612:716802:716802 [0] NCCL INFO ncclCommInitRankConfig comm 0x10e83f40 rank 2 nranks 4 cudaDev 0 nvmlDev 0 busId 3000 commId 0x6d3ebe7ffe1d7950 - Init START
nid008612:716801:716801 [0] NCCL INFO RAS client listening socket at ::1<28028>
nid008612:716803:716803 [0] NCCL INFO RAS client listening socket at ::1<28028>
nid008612:716802:716802 [0] NCCL INFO RAS client listening socket at ::1<28028>
nid008612:716800:716800 [0] NCCL INFO Bootstrap timings total 0.003923 (create 0.000040, send 0.000133, recv 0.000305, ring 0.001871, delay 0.000004)
nid008612:716801:716801 [0] NCCL INFO Bootstrap timings total 0.003949 (create 0.000048, send 0.000144, recv 0.002995, ring 0.000192, delay 0.000004)
nid008612:716803:716803 [0] NCCL INFO Bootstrap timings total 0.002589 (create 0.000035, send 0.000111, recv 0.000150, ring 0.000161, delay 0.000003)
nid008612:716802:716802 [0] NCCL INFO Bootstrap timings total 0.001070 (create 0.000043, send 0.000129, recv 0.000218, ring 0.000081, delay 0.000003)

[2026-04-01 17:02:06] nid008612:716803:716803 [0] init.cc:904 NCCL WARN Duplicate GPU detected : rank 3 and rank 0 both on CUDA device 3000

[2026-04-01 17:02:06] nid008612:716801:716801 [0] init.cc:904 NCCL WARN Duplicate GPU detected : rank 1 and rank 0 both on CUDA device 3000

[2026-04-01 17:02:06] nid008612:716802:716802 [0] init.cc:904 NCCL WARN Duplicate GPU detected : rank 2 and rank 0 both on CUDA device 3000
nid008612:716803:716803 [0] NCCL INFO init.cc:1582 -> 5
nid008612:716801:716801 [0] NCCL INFO init.cc:1582 -> 5
nid008612:716802:716802 [0] NCCL INFO init.cc:1582 -> 5
nid008612:716803:716803 [0] NCCL INFO group.cc:76 -> 5 [Async thread]

[2026-04-01 17:02:06] nid008612:716800:716800 [0] init.cc:904 NCCL WARN Duplicate GPU detected : rank 0 and rank 1 both on CUDA device 3000
nid008612:716801:716801 [0] NCCL INFO group.cc:76 -> 5 [Async thread]
nid008612:716802:716802 [0] NCCL INFO group.cc:76 -> 5 [Async thread]
nid008612:716803:716803 [0] NCCL INFO group.cc:537 -> 5
nid008612:716800:716800 [0] NCCL INFO init.cc:1582 -> 5
nid008612:716801:716801 [0] NCCL INFO group.cc:537 -> 5
nid008612:716802:716802 [0] NCCL INFO group.cc:537 -> 5
nid008612:716800:716800 [0] NCCL INFO group.cc:76 -> 5 [Async thread]
nid008612:716803:716803 [0] NCCL INFO group.cc:743 -> 5
nid008612:716801:716801 [0] NCCL INFO group.cc:743 -> 5
nid008612:716802:716802 [0] NCCL INFO group.cc:743 -> 5
nid008612:716800:716800 [0] NCCL INFO group.cc:537 -> 5
nid008612:716801:716801 [0] NCCL INFO init.cc:2162 -> 5
nid008612:716800:716800 [0] NCCL INFO group.cc:743 -> 5
nid008612:716803:716803 [0] NCCL INFO init.cc:2162 -> 5
nid008612:716802:716802 [0] NCCL INFO init.cc:2162 -> 5
nid008612:716800:716800 [0] NCCL INFO init.cc:2162 -> 5
[rank0]: Traceback (most recent call last):
[rank0]:   File "/pscratch/sd/e/elavarpa/lejepa_tomography/main.py", line 124, in <module>
[rank0]:     main(default_cfg)
[rank0]:   File "/pscratch/sd/e/elavarpa/lejepa_tomography/env/lib/python3.12/site-packages/hydra/main.py", line 83, in decorated_main
[rank0]:     return task_function(cfg_passthrough)
[rank0]:            ^^^^^^^^^^^^^^^^^^^^^^^^^^^^^^
[rank0]:   File "/pscratch/sd/e/elavarpa/lejepa_tomography/main.py", line 54, in main
[rank0]:     net = DDP(net, device_ids=[0], find_unused_parameters=True)
[rank0]:           ^^^^^^^^^^^^^^^^^^^^^^^^^^^^^^^^^^^^^^^^^^^^^^^^^^^^^
[rank0]:   File "/pscratch/sd/e/elavarpa/lejepa_tomography/env/lib/python3.12/site-packages/torch/nn/parallel/distributed.py", line 881, in __init__
[rank0]:     _verify_param_shape_across_processes(self.process_group, parameters)
[rank0]:   File "/pscratch/sd/e/elavarpa/lejepa_tomography/env/lib/python3.12/site-packages/torch/distributed/utils.py", line 286, in _verify_param_shape_across_processes
[rank0]:     return dist._verify_params_across_processes(process_group, tensors, logger)
[rank0]:            ^^^^^^^^^^^^^^^^^^^^^^^^^^^^^^^^^^^^^^^^^^^^^^^^^^^^^^^^^^^^^^^^^^^^
[rank0]: torch.distributed.DistBackendError: NCCL error in: /pytorch/torch/csrc/distributed/c10d/NCCLUtils.cpp:93, invalid usage (run with NCCL_DEBUG=WARN for details), NCCL version 2.28.9
[rank0]: ncclInvalidUsage: This usually reflects invalid usage of NCCL library.
[rank0]: Last error:
[rank0]: Duplicate GPU detected : rank 0 and rank 1 both on CUDA device 3000
[rank3]: Traceback (most recent call last):
[rank3]:   File "/pscratch/sd/e/elavarpa/lejepa_tomography/main.py", line 124, in <module>
[rank3]:     main(default_cfg)
[rank3]:   File "/pscratch/sd/e/elavarpa/lejepa_tomography/env/lib/python3.12/site-packages/hydra/main.py", line 83, in decorated_main
[rank3]:     return task_function(cfg_passthrough)
[rank3]:            ^^^^^^^^^^^^^^^^^^^^^^^^^^^^^^
[rank3]:   File "/pscratch/sd/e/elavarpa/lejepa_tomography/main.py", line 54, in main
[rank3]:     net = DDP(net, device_ids=[0], find_unused_parameters=True)
[rank3]:           ^^^^^^^^^^^^^^^^^^^^^^^^^^^^^^^^^^^^^^^^^^^^^^^^^^^^^
[rank3]:   File "/pscratch/sd/e/elavarpa/lejepa_tomography/env/lib/python3.12/site-packages/torch/nn/parallel/distributed.py", line 881, in __init__
[rank3]:     _verify_param_shape_across_processes(self.process_group, parameters)
[rank3]:   File "/pscratch/sd/e/elavarpa/lejepa_tomography/env/lib/python3.12/site-packages/torch/distributed/utils.py", line 286, in _verify_param_shape_across_processes
[rank3]:     return dist._verify_params_across_processes(process_group, tensors, logger)
[rank3]:            ^^^^^^^^^^^^^^^^^^^^^^^^^^^^^^^^^^^^^^^^^^^^^^^^^^^^^^^^^^^^^^^^^^^^
[rank3]: torch.distributed.DistBackendError: NCCL error in: /pytorch/torch/csrc/distributed/c10d/NCCLUtils.cpp:93, invalid usage (run with NCCL_DEBUG=WARN for details), NCCL version 2.28.9
[rank3]: ncclInvalidUsage: This usually reflects invalid usage of NCCL library.
[rank3]: Last error:
[rank3]: Duplicate GPU detected : rank 3 and rank 0 both on CUDA device 3000
[rank2]: Traceback (most recent call last):
[rank2]:   File "/pscratch/sd/e/elavarpa/lejepa_tomography/main.py", line 124, in <module>
[rank2]:     main(default_cfg)
[rank2]:   File "/pscratch/sd/e/elavarpa/lejepa_tomography/env/lib/python3.12/site-packages/hydra/main.py", line 83, in decorated_main
[rank2]:     return task_function(cfg_passthrough)
[rank2]:            ^^^^^^^^^^^^^^^^^^^^^^^^^^^^^^
[rank2]:   File "/pscratch/sd/e/elavarpa/lejepa_tomography/main.py", line 54, in main
[rank2]:     net = DDP(net, device_ids=[0], find_unused_parameters=True)
[rank2]:           ^^^^^^^^^^^^^^^^^^^^^^^^^^^^^^^^^^^^^^^^^^^^^^^^^^^^^
[rank2]:   File "/pscratch/sd/e/elavarpa/lejepa_tomography/env/lib/python3.12/site-packages/torch/nn/parallel/distributed.py", line 881, in __init__
[rank2]:     _verify_param_shape_across_processes(self.process_group, parameters)
[rank2]:   File "/pscratch/sd/e/elavarpa/lejepa_tomography/env/lib/python3.12/site-packages/torch/distributed/utils.py", line 286, in _verify_param_shape_across_processes
[rank2]:     return dist._verify_params_across_processes(process_group, tensors, logger)
[rank2]:            ^^^^^^^^^^^^^^^^^^^^^^^^^^^^^^^^^^^^^^^^^^^^^^^^^^^^^^^^^^^^^^^^^^^^
[rank2]: torch.distributed.DistBackendError: NCCL error in: /pytorch/torch/csrc/distributed/c10d/NCCLUtils.cpp:93, invalid usage (run with NCCL_DEBUG=WARN for details), NCCL version 2.28.9
[rank2]: ncclInvalidUsage: This usually reflects invalid usage of NCCL library.
[rank2]: Last error:
[rank2]: Duplicate GPU detected : rank 2 and rank 0 both on CUDA device 3000
[rank1]: Traceback (most recent call last):
[rank1]:   File "/pscratch/sd/e/elavarpa/lejepa_tomography/main.py", line 124, in <module>
[rank1]:     main(default_cfg)
[rank1]:   File "/pscratch/sd/e/elavarpa/lejepa_tomography/env/lib/python3.12/site-packages/hydra/main.py", line 83, in decorated_main
[rank1]:     return task_function(cfg_passthrough)
[rank1]:            ^^^^^^^^^^^^^^^^^^^^^^^^^^^^^^
[rank1]:   File "/pscratch/sd/e/elavarpa/lejepa_tomography/main.py", line 54, in main
[rank1]:     net = DDP(net, device_ids=[0], find_unused_parameters=True)
[rank1]:           ^^^^^^^^^^^^^^^^^^^^^^^^^^^^^^^^^^^^^^^^^^^^^^^^^^^^^
[rank1]:   File "/pscratch/sd/e/elavarpa/lejepa_tomography/env/lib/python3.12/site-packages/torch/nn/parallel/distributed.py", line 881, in __init__
[rank1]:     _verify_param_shape_across_processes(self.process_group, parameters)
[rank1]:   File "/pscratch/sd/e/elavarpa/lejepa_tomography/env/lib/python3.12/site-packages/torch/distributed/utils.py", line 286, in _verify_param_shape_across_processes
[rank1]:     return dist._verify_params_across_processes(process_group, tensors, logger)
[rank1]:            ^^^^^^^^^^^^^^^^^^^^^^^^^^^^^^^^^^^^^^^^^^^^^^^^^^^^^^^^^^^^^^^^^^^^
[rank1]: torch.distributed.DistBackendError: NCCL error in: /pytorch/torch/csrc/distributed/c10d/NCCLUtils.cpp:93, invalid usage (run with NCCL_DEBUG=WARN for details), NCCL version 2.28.9
[rank1]: ncclInvalidUsage: This usually reflects invalid usage of NCCL library.
[rank1]: Last error:
[rank1]: Duplicate GPU detected : rank 1 and rank 0 both on CUDA device 3000
[rank0]:[W401 17:02:06.320613622 ProcessGroupNCCL.cpp:1575] Warning: WARNING: destroy_process_group() was not called before program exit, which can leak resources. For more info, please see https://pytorch.org/docs/stable/distributed.html#shutdown (function operator())
nid008612:716803:716803 [0] NCCL INFO ENV/Plugin: Closing env plugin ncclEnvDefault
nid008612:716801:716801 [0] NCCL INFO ENV/Plugin: Closing env plugin ncclEnvDefault
nid008612:716802:716802 [0] NCCL INFO ENV/Plugin: Closing env plugin ncclEnvDefault
nid008612:716800:716800 [0] NCCL INFO ENV/Plugin: Closing env plugin ncclEnvDefault
W0401 17:02:07.547000 716583 torch/distributed/elastic/multiprocessing/api.py:1012] Sending process 716800 closing signal SIGTERM
W0401 17:02:07.548000 716583 torch/distributed/elastic/multiprocessing/api.py:1012] Sending process 716801 closing signal SIGTERM
W0401 17:02:07.548000 716583 torch/distributed/elastic/multiprocessing/api.py:1012] Sending process 716802 closing signal SIGTERM
E0401 17:02:07.775000 716583 torch/distributed/elastic/multiprocessing/api.py:986] failed (exitcode: 1) local_rank: 3 (pid: 716803) of binary: /usr/bin/python
Traceback (most recent call last):
  File "/usr/local/bin/torchrun", line 33, in <module>
    sys.exit(load_entry_point('torch==2.7.0a0+ecf3bae40a.nv25.2', 'console_scripts', 'torchrun')())
             ^^^^^^^^^^^^^^^^^^^^^^^^^^^^^^^^^^^^^^^^^^^^^^^^^^^^^^^^^^^^^^^^^^^^^^^^^^^^^^^^^^^^^
  File "/pscratch/sd/e/elavarpa/lejepa_tomography/env/lib/python3.12/site-packages/torch/distributed/elastic/multiprocessing/errors/__init__.py", line 362, in wrapper
    return f(*args, **kwargs)
           ^^^^^^^^^^^^^^^^^^
  File "/pscratch/sd/e/elavarpa/lejepa_tomography/env/lib/python3.12/site-packages/torch/distributed/run.py", line 990, in main
    run(args)
  File "/pscratch/sd/e/elavarpa/lejepa_tomography/env/lib/python3.12/site-packages/torch/distributed/run.py", line 981, in run
    elastic_launch(
  File "/pscratch/sd/e/elavarpa/lejepa_tomography/env/lib/python3.12/site-packages/torch/distributed/launcher/api.py", line 170, in __call__
    return launch_agent(self._config, self._entrypoint, list(args))
           ^^^^^^^^^^^^^^^^^^^^^^^^^^^^^^^^^^^^^^^^^^^^^^^^^^^^^^^^
  File "/pscratch/sd/e/elavarpa/lejepa_tomography/env/lib/python3.12/site-packages/torch/distributed/launcher/api.py", line 317, in launch_agent
    raise ChildFailedError(
torch.distributed.elastic.multiprocessing.errors.ChildFailedError: 
============================================================
main.py FAILED
------------------------------------------------------------
Failures:
[1]:
  time      : 2026-04-01_17:02:07
  host      : nid008612-hsn0
  rank      : 0 (local_rank: 0)
  exitcode  : 1 (pid: 716800)
  error_file: <N/A>
  traceback : To enable traceback see: https://pytorch.org/docs/stable/elastic/errors.html
[2]:
  time      : 2026-04-01_17:02:07
  host      : nid008612-hsn0
  rank      : 1 (local_rank: 1)
  exitcode  : 1 (pid: 716801)
  error_file: <N/A>
  traceback : To enable traceback see: https://pytorch.org/docs/stable/elastic/errors.html
[3]:
  time      : 2026-04-01_17:02:07
  host      : nid008612-hsn0
  rank      : 2 (local_rank: 2)
  exitcode  : 1 (pid: 716802)
  error_file: <N/A>
  traceback : To enable traceback see: https://pytorch.org/docs/stable/elastic/errors.html
------------------------------------------------------------
Root Cause (first observed failure):
[0]:
  time      : 2026-04-01_17:02:07
  host      : nid008612-hsn0
  rank      : 3 (local_rank: 3)
  exitcode  : 1 (pid: 716803)
  error_file: <N/A>
  traceback : To enable traceback see: https://pytorch.org/docs/stable/elastic/errors.html
============================================================
srun: error: nid008612: task 0: Exited with exit code 1
srun: Terminating StepId=50844044.0
