World Size: 4
GPUs per task: 4
nid003729:267310:267310 [0] NCCL INFO ENV/Plugin: Could not find: libnccl-env.so
nid003729:267310:267310 [0] NCCL INFO NCCL_SOCKET_IFNAME set by environment to hsn
nid003729:267310:267310 [0] NCCL INFO Bootstrap: Using hsn0:10.249.25.80<0>
nid003729:267310:267310 [0] NCCL INFO cudaDriverVersion 13000
nid003729:267311:267311 [1] NCCL INFO ENV/Plugin: Could not find: libnccl-env.so
nid003729:267311:267311 [1] NCCL INFO cudaDriverVersion 13000
nid003729:267310:267310 [0] NCCL INFO NCCL version 2.28.9+cuda13.0
nid003729:267313:267313 [3] NCCL INFO ENV/Plugin: Could not find: libnccl-env.so
nid003729:267313:267313 [3] NCCL INFO cudaDriverVersion 13000
nid003729:267312:267312 [2] NCCL INFO ENV/Plugin: Could not find: libnccl-env.so
nid003729:267312:267312 [2] NCCL INFO cudaDriverVersion 13000
nid003729:267313:267313 [3] NCCL INFO NCCL_SOCKET_IFNAME set by environment to hsn
nid003729:267311:267311 [1] NCCL INFO NCCL_SOCKET_IFNAME set by environment to hsn
nid003729:267312:267312 [2] NCCL INFO NCCL_SOCKET_IFNAME set by environment to hsn
nid003729:267313:267313 [3] NCCL INFO Bootstrap: Using hsn0:10.249.25.80<0>
nid003729:267311:267311 [1] NCCL INFO Bootstrap: Using hsn0:10.249.25.80<0>
nid003729:267313:267313 [3] NCCL INFO NCCL version 2.28.9+cuda13.0
nid003729:267311:267311 [1] NCCL INFO NCCL version 2.28.9+cuda13.0
nid003729:267310:267310 [0] NCCL INFO Comm config Blocking set to 1
nid003729:267312:267312 [2] NCCL INFO Bootstrap: Using hsn0:10.249.25.80<0>
nid003729:267312:267312 [2] NCCL INFO NCCL version 2.28.9+cuda13.0
nid003729:267313:267313 [3] NCCL INFO Comm config Blocking set to 1
nid003729:267311:267311 [1] NCCL INFO Comm config Blocking set to 1
nid003729:267312:267312 [2] NCCL INFO Comm config Blocking set to 1
nid003729:267313:267313 [3] NCCL INFO NET/Plugin: libnccl-net.so: /lib/x86_64-linux-gnu/libnl-route-3.so.200: undefined symbol: nla_nest_end_keep_empty
nid003729:267311:267311 [1] NCCL INFO NET/Plugin: libnccl-net.so: /lib/x86_64-linux-gnu/libnl-route-3.so.200: undefined symbol: nla_nest_end_keep_empty
nid003729:267310:267310 [0] NCCL INFO NET/Plugin: libnccl-net.so: /lib/x86_64-linux-gnu/libnl-route-3.so.200: undefined symbol: nla_nest_end_keep_empty
nid003729:267313:267313 [3] NCCL INFO Failed to open libibverbs.so[.1]
nid003729:267313:267313 [3] NCCL INFO transport/net_ib.cc:852 -> 3
nid003729:267313:267313 [3] NCCL INFO Failed to initialize NET plugin IB
nid003729:267313:267313 [3] NCCL INFO NCCL_SOCKET_IFNAME set by environment to hsn
nid003729:267311:267311 [1] NCCL INFO Failed to open libibverbs.so[.1]
nid003729:267311:267311 [1] NCCL INFO transport/net_ib.cc:852 -> 3
nid003729:267311:267311 [1] NCCL INFO Failed to initialize NET plugin IB
nid003729:267311:267311 [1] NCCL INFO NCCL_SOCKET_IFNAME set by environment to hsn
nid003729:267310:267310 [0] NCCL INFO Failed to open libibverbs.so[.1]
nid003729:267310:267310 [0] NCCL INFO transport/net_ib.cc:852 -> 3
nid003729:267310:267310 [0] NCCL INFO Failed to initialize NET plugin IB
nid003729:267310:267310 [0] NCCL INFO NCCL_SOCKET_IFNAME set by environment to hsn
nid003729:267313:267313 [3] NCCL INFO NET/Socket : Using [0]hsn0:10.249.25.80<0> [1]hsn0:chn:128.55.67.116<0> [2]hsn1:10.249.25.79<0> [3]hsn2:10.249.32.212<0> [4]hsn3:10.249.31.212<0>
nid003729:267313:267313 [3] NCCL INFO Initialized NET plugin Socket
nid003729:267310:267310 [0] NCCL INFO NET/Socket : Using [0]hsn0:10.249.25.80<0> [1]hsn0:chn:128.55.67.116<0> [2]hsn1:10.249.25.79<0> [3]hsn2:10.249.32.212<0> [4]hsn3:10.249.31.212<0>
nid003729:267310:267310 [0] NCCL INFO Initialized NET plugin Socket
nid003729:267313:267313 [3] NCCL INFO Assigned NET plugin Socket to comm
nid003729:267313:267313 [3] NCCL INFO Using network Socket
nid003729:267311:267311 [1] NCCL INFO NET/Socket : Using [0]hsn0:10.249.25.80<0> [1]hsn0:chn:128.55.67.116<0> [2]hsn1:10.249.25.79<0> [3]hsn2:10.249.32.212<0> [4]hsn3:10.249.31.212<0>
nid003729:267311:267311 [1] NCCL INFO Initialized NET plugin Socket
nid003729:267310:267310 [0] NCCL INFO Assigned NET plugin Socket to comm
nid003729:267310:267310 [0] NCCL INFO Using network Socket
nid003729:267311:267311 [1] NCCL INFO Assigned NET plugin Socket to comm
nid003729:267311:267311 [1] NCCL INFO Using network Socket
nid003729:267312:267312 [2] NCCL INFO NET/Plugin: libnccl-net.so: /lib/x86_64-linux-gnu/libnl-route-3.so.200: undefined symbol: nla_nest_end_keep_empty
nid003729:267312:267312 [2] NCCL INFO Failed to open libibverbs.so[.1]
nid003729:267312:267312 [2] NCCL INFO transport/net_ib.cc:852 -> 3
nid003729:267312:267312 [2] NCCL INFO Failed to initialize NET plugin IB
nid003729:267312:267312 [2] NCCL INFO NCCL_SOCKET_IFNAME set by environment to hsn
nid003729:267312:267312 [2] NCCL INFO NET/Socket : Using [0]hsn0:10.249.25.80<0> [1]hsn0:chn:128.55.67.116<0> [2]hsn1:10.249.25.79<0> [3]hsn2:10.249.32.212<0> [4]hsn3:10.249.31.212<0>
nid003729:267312:267312 [2] NCCL INFO Initialized NET plugin Socket
nid003729:267312:267312 [2] NCCL INFO Assigned NET plugin Socket to comm
nid003729:267312:267312 [2] NCCL INFO Using network Socket
nid003729:267313:267313 [3] NCCL INFO ncclCommInitRankConfig comm 0x10774f00 rank 3 nranks 4 cudaDev 3 nvmlDev 3 busId c1000 commId 0x15e9ebb16a2a4e75 - Init START
nid003729:267310:267310 [0] NCCL INFO ncclCommInitRankConfig comm 0xdbecb90 rank 0 nranks 4 cudaDev 0 nvmlDev 0 busId 3000 commId 0x15e9ebb16a2a4e75 - Init START
nid003729:267311:267311 [1] NCCL INFO ncclCommInitRankConfig comm 0xf321400 rank 1 nranks 4 cudaDev 1 nvmlDev 1 busId 41000 commId 0x15e9ebb16a2a4e75 - Init START
nid003729:267310:267310 [0] NCCL INFO RAS client listening socket at ::1<28028>
nid003729:267312:267312 [2] NCCL INFO ncclCommInitRankConfig comm 0x10e3b380 rank 2 nranks 4 cudaDev 2 nvmlDev 2 busId 82000 commId 0x15e9ebb16a2a4e75 - Init START
nid003729:267311:267311 [1] NCCL INFO RAS client listening socket at ::1<28028>
nid003729:267313:267313 [3] NCCL INFO RAS client listening socket at ::1<28028>
nid003729:267312:267312 [2] NCCL INFO RAS client listening socket at ::1<28028>
nid003729:267310:267310 [0] NCCL INFO Bootstrap timings total 0.002156 (create 0.000052, send 0.000135, recv 0.000415, ring 0.001105, delay 0.000004)
nid003729:267312:267312 [2] NCCL INFO Bootstrap timings total 0.000965 (create 0.000044, send 0.000144, recv 0.000264, ring 0.000084, delay 0.000003)
nid003729:267313:267313 [3] NCCL INFO Bootstrap timings total 0.002185 (create 0.000044, send 0.000197, recv 0.000209, ring 0.000081, delay 0.000004)
nid003729:267311:267311 [1] NCCL INFO Bootstrap timings total 0.002075 (create 0.000044, send 0.000191, recv 0.001219, ring 0.000154, delay 0.000003)
nid003729:267310:267310 [0] NCCL INFO ncclTopoGetCpuAffinity: Affinity for GPU 0 is 48-63,112-127. (GPU affinity = 48-63,112-127 ; CPU affinity = 0-127).
nid003729:267310:267310 [0] NCCL INFO NVLS multicast support is not available on dev 0 (NVLS_NCHANNELS 0)
nid003729:267313:267313 [3] NCCL INFO ncclTopoGetCpuAffinity: Affinity for GPU 3 is 0-15,64-79. (GPU affinity = 0-15,64-79 ; CPU affinity = 0-127).
nid003729:267313:267313 [3] NCCL INFO NVLS multicast support is not available on dev 3 (NVLS_NCHANNELS 0)
nid003729:267312:267312 [2] NCCL INFO ncclTopoGetCpuAffinity: Affinity for GPU 2 is 16-31,80-95. (GPU affinity = 16-31,80-95 ; CPU affinity = 0-127).
nid003729:267312:267312 [2] NCCL INFO NVLS multicast support is not available on dev 2 (NVLS_NCHANNELS 0)
nid003729:267311:267311 [1] NCCL INFO ncclTopoGetCpuAffinity: Affinity for GPU 1 is 32-47,96-111. (GPU affinity = 32-47,96-111 ; CPU affinity = 0-127).
nid003729:267311:267311 [1] NCCL INFO NVLS multicast support is not available on dev 1 (NVLS_NCHANNELS 0)
nid003729:267310:267310 [0] NCCL INFO comm 0xdbecb90 rank 0 nRanks 4 nNodes 1 localRanks 4 localRank 0 MNNVL 0
nid003729:267313:267313 [3] NCCL INFO comm 0x10774f00 rank 3 nRanks 4 nNodes 1 localRanks 4 localRank 3 MNNVL 0
nid003729:267312:267312 [2] NCCL INFO comm 0x10e3b380 rank 2 nRanks 4 nNodes 1 localRanks 4 localRank 2 MNNVL 0
nid003729:267311:267311 [1] NCCL INFO comm 0xf321400 rank 1 nRanks 4 nNodes 1 localRanks 4 localRank 1 MNNVL 0
nid003729:267312:267312 [2] NCCL INFO Trees [0] 1/-1/-1->2->3 [1] 1/-1/-1->2->3 [2] 1/-1/-1->2->3 [3] 1/-1/-1->2->3 [4] 3/-1/-1->2->0 [5] 3/-1/-1->2->0 [6] 3/-1/-1->2->0 [7] 3/-1/-1->2->0 [8] -1/-1/-1->2->1 [9] -1/-1/-1->2->1 [10] -1/-1/-1->2->1 [11] -1/-1/-1->2->1 [12] 1/-1/-1->2->3 [13] 1/-1/-1->2->3 [14] 1/-1/-1->2->3 [15] 1/-1/-1->2->3 [16] 3/-1/-1->2->0 [17] 3/-1/-1->2->0 [18] 3/-1/-1->2->0 [19] 3/-1/-1->2->0 [20] -1/-1/-1->2->1 [21] -1/-1/-1->2->1 [22] -1/-1/-1->2->1 [23] -1/-1/-1->2->1
nid003729:267311:267311 [1] NCCL INFO Trees [0] -1/-1/-1->1->2 [1] -1/-1/-1->1->2 [2] -1/-1/-1->1->2 [3] -1/-1/-1->1->2 [4] -1/-1/-1->1->3 [5] -1/-1/-1->1->3 [6] -1/-1/-1->1->3 [7] -1/-1/-1->1->3 [8] 2/-1/-1->1->0 [9] 2/-1/-1->1->0 [10] 2/-1/-1->1->0 [11] 2/-1/-1->1->0 [12] -1/-1/-1->1->2 [13] -1/-1/-1->1->2 [14] -1/-1/-1->1->2 [15] -1/-1/-1->1->2 [16] -1/-1/-1->1->3 [17] -1/-1/-1->1->3 [18] -1/-1/-1->1->3 [19] -1/-1/-1->1->3 [20] 2/-1/-1->1->0 [21] 2/-1/-1->1->0 [22] 2/-1/-1->1->0 [23] 2/-1/-1->1->0
nid003729:267312:267312 [2] NCCL INFO P2P Chunksize set to 524288
nid003729:267311:267311 [1] NCCL INFO P2P Chunksize set to 524288
nid003729:267310:267310 [0] NCCL INFO Channel 00/24 : 0 3 2 1
nid003729:267310:267310 [0] NCCL INFO Channel 01/24 : 0 3 1 2
nid003729:267310:267310 [0] NCCL INFO Channel 02/24 : 0 2 1 3
nid003729:267310:267310 [0] NCCL INFO Channel 03/24 : 0 2 3 1
nid003729:267310:267310 [0] NCCL INFO Channel 04/24 : 0 1 3 2
nid003729:267310:267310 [0] NCCL INFO Channel 05/24 : 0 1 2 3
nid003729:267310:267310 [0] NCCL INFO Channel 06/24 : 0 3 2 1
nid003729:267310:267310 [0] NCCL INFO Channel 07/24 : 0 3 1 2
nid003729:267313:267313 [3] NCCL INFO Trees [0] 2/-1/-1->3->0 [1] 2/-1/-1->3->0 [2] 2/-1/-1->3->0 [3] 2/-1/-1->3->0 [4] 1/-1/-1->3->2 [5] 1/-1/-1->3->2 [6] 1/-1/-1->3->2 [7] 1/-1/-1->3->2 [8] 0/-1/-1->3->-1 [9] 0/-1/-1->3->-1 [10] 0/-1/-1->3->-1 [11] 0/-1/-1->3->-1 [12] 2/-1/-1->3->0 [13] 2/-1/-1->3->0 [14] 2/-1/-1->3->0 [15] 2/-1/-1->3->0 [16] 1/-1/-1->3->2 [17] 1/-1/-1->3->2 [18] 1/-1/-1->3->2 [19] 1/-1/-1->3->2 [20] 0/-1/-1->3->-1 [21] 0/-1/-1->3->-1 [22] 0/-1/-1->3->-1 [23] 0/-1/-1->3->-1
nid003729:267310:267310 [0] NCCL INFO Channel 08/24 : 0 2 1 3
nid003729:267310:267310 [0] NCCL INFO Channel 09/24 : 0 2 3 1
nid003729:267310:267310 [0] NCCL INFO Channel 10/24 : 0 1 3 2
nid003729:267313:267313 [3] NCCL INFO P2P Chunksize set to 524288
nid003729:267310:267310 [0] NCCL INFO Channel 11/24 : 0 1 2 3
nid003729:267310:267310 [0] NCCL INFO Channel 12/24 : 0 3 2 1
nid003729:267310:267310 [0] NCCL INFO Channel 13/24 : 0 3 1 2
nid003729:267310:267310 [0] NCCL INFO Channel 14/24 : 0 2 1 3
nid003729:267310:267310 [0] NCCL INFO Channel 15/24 : 0 2 3 1
nid003729:267310:267310 [0] NCCL INFO Channel 16/24 : 0 1 3 2
nid003729:267310:267310 [0] NCCL INFO Channel 17/24 : 0 1 2 3
nid003729:267310:267310 [0] NCCL INFO Channel 18/24 : 0 3 2 1
nid003729:267310:267310 [0] NCCL INFO Channel 19/24 : 0 3 1 2
nid003729:267310:267310 [0] NCCL INFO Channel 20/24 : 0 2 1 3
nid003729:267310:267310 [0] NCCL INFO Channel 21/24 : 0 2 3 1
nid003729:267310:267310 [0] NCCL INFO Channel 22/24 : 0 1 3 2
nid003729:267310:267310 [0] NCCL INFO Channel 23/24 : 0 1 2 3
nid003729:267310:267310 [0] NCCL INFO Trees [0] 3/-1/-1->0->-1 [1] 3/-1/-1->0->-1 [2] 3/-1/-1->0->-1 [3] 3/-1/-1->0->-1 [4] 2/-1/-1->0->-1 [5] 2/-1/-1->0->-1 [6] 2/-1/-1->0->-1 [7] 2/-1/-1->0->-1 [8] 1/-1/-1->0->3 [9] 1/-1/-1->0->3 [10] 1/-1/-1->0->3 [11] 1/-1/-1->0->3 [12] 3/-1/-1->0->-1 [13] 3/-1/-1->0->-1 [14] 3/-1/-1->0->-1 [15] 3/-1/-1->0->-1 [16] 2/-1/-1->0->-1 [17] 2/-1/-1->0->-1 [18] 2/-1/-1->0->-1 [19] 2/-1/-1->0->-1 [20] 1/-1/-1->0->3 [21] 1/-1/-1->0->3 [22] 1/-1/-1->0->3 [23] 1/-1/-1->0->3
nid003729:267310:267310 [0] NCCL INFO P2P Chunksize set to 524288
nid003729:267311:267311 [1] NCCL INFO PROFILER/Plugin: Could not find: libnccl-profiler.so
nid003729:267311:267311 [1] NCCL INFO Check P2P Type isAllDirectP2p 1 directMode 0 isAllCudaP2p 1
nid003729:267311:267373 [0] NCCL INFO [Proxy Service] Device 1 CPU core 100
nid003729:267311:267374 [0] NCCL INFO [Proxy Service UDS] Device 1 CPU core 40
nid003729:267310:267310 [0] NCCL INFO PROFILER/Plugin: Could not find: libnccl-profiler.so
nid003729:267310:267310 [0] NCCL INFO Check P2P Type isAllDirectP2p 1 directMode 0 isAllCudaP2p 1
nid003729:267312:267312 [2] NCCL INFO PROFILER/Plugin: Could not find: libnccl-profiler.so
nid003729:267312:267312 [2] NCCL INFO Check P2P Type isAllDirectP2p 1 directMode 0 isAllCudaP2p 1
nid003729:267310:267375 [0] NCCL INFO [Proxy Service] Device 0 CPU core 123
nid003729:267310:267376 [0] NCCL INFO [Proxy Service UDS] Device 0 CPU core 49
nid003729:267313:267313 [3] NCCL INFO PROFILER/Plugin: Could not find: libnccl-profiler.so
nid003729:267313:267313 [3] NCCL INFO Check P2P Type isAllDirectP2p 1 directMode 0 isAllCudaP2p 1
nid003729:267312:267378 [0] NCCL INFO [Proxy Service UDS] Device 2 CPU core 81
nid003729:267312:267377 [0] NCCL INFO [Proxy Service] Device 2 CPU core 93
nid003729:267313:267379 [0] NCCL INFO [Proxy Service] Device 3 CPU core 79
nid003729:267313:267380 [0] NCCL INFO [Proxy Service UDS] Device 3 CPU core 66
nid003729:267312:267312 [2] NCCL INFO TUNER/Plugin: Could not find: libnccl-tuner.so
nid003729:267312:267312 [2] NCCL INFO threadThresholds 8/8/64 | 32/8/64 | 512 | 512
nid003729:267312:267312 [2] NCCL INFO 24 coll channels, 24 collnet channels, 0 nvls channels, 32 p2p channels, 8 p2p channels per peer
nid003729:267310:267310 [0] NCCL INFO TUNER/Plugin: Could not find: libnccl-tuner.so
nid003729:267310:267310 [0] NCCL INFO threadThresholds 8/8/64 | 32/8/64 | 512 | 512
nid003729:267310:267310 [0] NCCL INFO 24 coll channels, 24 collnet channels, 0 nvls channels, 32 p2p channels, 8 p2p channels per peer
nid003729:267311:267311 [1] NCCL INFO TUNER/Plugin: Could not find: libnccl-tuner.so
nid003729:267311:267311 [1] NCCL INFO threadThresholds 8/8/64 | 32/8/64 | 512 | 512
nid003729:267311:267311 [1] NCCL INFO 24 coll channels, 24 collnet channels, 0 nvls channels, 32 p2p channels, 8 p2p channels per peer
nid003729:267310:267310 [0] NCCL INFO CC Off, workFifoBytes 1048576
nid003729:267313:267313 [3] NCCL INFO TUNER/Plugin: Could not find: libnccl-tuner.so
nid003729:267313:267313 [3] NCCL INFO threadThresholds 8/8/64 | 32/8/64 | 512 | 512
nid003729:267313:267313 [3] NCCL INFO 24 coll channels, 24 collnet channels, 0 nvls channels, 32 p2p channels, 8 p2p channels per peer
nid003729:267312:267312 [2] NCCL INFO ncclCommInitRankConfig comm 0x10e3b380 rank 2 nranks 4 cudaDev 2 nvmlDev 2 busId 82000 commId 0x15e9ebb16a2a4e75 - Init COMPLETE
nid003729:267310:267310 [0] NCCL INFO ncclCommInitRankConfig comm 0xdbecb90 rank 0 nranks 4 cudaDev 0 nvmlDev 0 busId 3000 commId 0x15e9ebb16a2a4e75 - Init COMPLETE
nid003729:267312:267312 [2] NCCL INFO Init timings - ncclCommInitRankConfig: rank 2 nranks 4 total 0.23 (kernels 0.12, alloc 0.05, bootstrap 0.00, allgathers 0.00, topo 0.02, graphs 0.00, connections 0.02, rest 0.01)
nid003729:267310:267310 [0] NCCL INFO Init timings - ncclCommInitRankConfig: rank 0 nranks 4 total 0.23 (kernels 0.13, alloc 0.03, bootstrap 0.00, allgathers 0.00, topo 0.02, graphs 0.01, connections 0.02, rest 0.01)
nid003729:267311:267311 [1] NCCL INFO ncclCommInitRankConfig comm 0xf321400 rank 1 nranks 4 cudaDev 1 nvmlDev 1 busId 41000 commId 0x15e9ebb16a2a4e75 - Init COMPLETE
nid003729:267311:267311 [1] NCCL INFO Init timings - ncclCommInitRankConfig: rank 1 nranks 4 total 0.23 (kernels 0.12, alloc 0.05, bootstrap 0.00, allgathers 0.00, topo 0.02, graphs 0.00, connections 0.03, rest 0.01)
nid003729:267313:267313 [3] NCCL INFO ncclCommInitRankConfig comm 0x10774f00 rank 3 nranks 4 cudaDev 3 nvmlDev 3 busId c1000 commId 0x15e9ebb16a2a4e75 - Init COMPLETE
nid003729:267313:267313 [3] NCCL INFO Init timings - ncclCommInitRankConfig: rank 3 nranks 4 total 0.23 (kernels 0.12, alloc 0.05, bootstrap 0.00, allgathers 0.00, topo 0.02, graphs 0.00, connections 0.03, rest 0.01)
nid003729:267310:267310 [0] NCCL INFO Channel 04/0 : 0[0] -> 1[1] via P2P/CUMEM/read
nid003729:267312:267312 [2] NCCL INFO Channel 03/0 : 2[2] -> 3[3] via P2P/CUMEM/read
nid003729:267312:267312 [2] NCCL INFO Channel 05/0 : 2[2] -> 3[3] via P2P/CUMEM/read
nid003729:267310:267310 [0] NCCL INFO Channel 05/0 : 0[0] -> 1[1] via P2P/CUMEM/read
nid003729:267311:267311 [1] NCCL INFO Channel 01/0 : 1[1] -> 2[2] via P2P/CUMEM/read
nid003729:267313:267313 [3] NCCL INFO Channel 02/0 : 3[3] -> 0[0] via P2P/CUMEM/read
nid003729:267312:267312 [2] NCCL INFO Channel 09/0 : 2[2] -> 3[3] via P2P/CUMEM/read
nid003729:267310:267310 [0] NCCL INFO Channel 10/0 : 0[0] -> 1[1] via P2P/CUMEM/read
nid003729:267311:267311 [1] NCCL INFO Channel 05/0 : 1[1] -> 2[2] via P2P/CUMEM/read
nid003729:267313:267313 [3] NCCL INFO Channel 05/0 : 3[3] -> 0[0] via P2P/CUMEM/read
nid003729:267312:267312 [2] NCCL INFO Channel 11/0 : 2[2] -> 3[3] via P2P/CUMEM/read
nid003729:267310:267310 [0] NCCL INFO Channel 11/0 : 0[0] -> 1[1] via P2P/CUMEM/read
nid003729:267311:267311 [1] NCCL INFO Channel 07/0 : 1[1] -> 2[2] via P2P/CUMEM/read
nid003729:267313:267313 [3] NCCL INFO Channel 08/0 : 3[3] -> 0[0] via P2P/CUMEM/read
nid003729:267312:267312 [2] NCCL INFO Channel 15/0 : 2[2] -> 3[3] via P2P/CUMEM/read
nid003729:267310:267310 [0] NCCL INFO Channel 16/0 : 0[0] -> 1[1] via P2P/CUMEM/read
nid003729:267311:267311 [1] NCCL INFO Channel 11/0 : 1[1] -> 2[2] via P2P/CUMEM/read
nid003729:267313:267313 [3] NCCL INFO Channel 11/0 : 3[3] -> 0[0] via P2P/CUMEM/read
nid003729:267312:267312 [2] NCCL INFO Channel 17/0 : 2[2] -> 3[3] via P2P/CUMEM/read
nid003729:267310:267310 [0] NCCL INFO Channel 17/0 : 0[0] -> 1[1] via P2P/CUMEM/read
nid003729:267311:267311 [1] NCCL INFO Channel 13/0 : 1[1] -> 2[2] via P2P/CUMEM/read
nid003729:267313:267313 [3] NCCL INFO Channel 14/0 : 3[3] -> 0[0] via P2P/CUMEM/read
nid003729:267312:267312 [2] NCCL INFO Channel 21/0 : 2[2] -> 3[3] via P2P/CUMEM/read
nid003729:267310:267310 [0] NCCL INFO Channel 22/0 : 0[0] -> 1[1] via P2P/CUMEM/read
nid003729:267311:267311 [1] NCCL INFO Channel 17/0 : 1[1] -> 2[2] via P2P/CUMEM/read
nid003729:267313:267313 [3] NCCL INFO Channel 17/0 : 3[3] -> 0[0] via P2P/CUMEM/read
nid003729:267312:267312 [2] NCCL INFO Channel 23/0 : 2[2] -> 3[3] via P2P/CUMEM/read
nid003729:267310:267310 [0] NCCL INFO Channel 23/0 : 0[0] -> 1[1] via P2P/CUMEM/read
nid003729:267311:267311 [1] NCCL INFO Channel 19/0 : 1[1] -> 2[2] via P2P/CUMEM/read
nid003729:267313:267313 [3] NCCL INFO Channel 20/0 : 3[3] -> 0[0] via P2P/CUMEM/read
nid003729:267313:267313 [3] NCCL INFO Channel 23/0 : 3[3] -> 0[0] via P2P/CUMEM/read
nid003729:267311:267311 [1] NCCL INFO Channel 23/0 : 1[1] -> 2[2] via P2P/CUMEM/read
nid003729:267310:267310 [0] NCCL INFO Channel 02/0 : 0[0] -> 2[2] via P2P/CUMEM/read
nid003729:267312:267312 [2] NCCL INFO Channel 01/0 : 2[2] -> 0[0] via P2P/CUMEM/read
nid003729:267313:267313 [3] NCCL INFO Channel 01/0 : 3[3] -> 1[1] via P2P/CUMEM/read
nid003729:267310:267310 [0] NCCL INFO Channel 03/0 : 0[0] -> 2[2] via P2P/CUMEM/read
nid003729:267312:267312 [2] NCCL INFO Channel 04/0 : 2[2] -> 0[0] via P2P/CUMEM/read
nid003729:267311:267311 [1] NCCL INFO Channel 02/0 : 1[1] -> 3[3] via P2P/CUMEM/read
nid003729:267312:267312 [2] NCCL INFO Channel 07/0 : 2[2] -> 0[0] via P2P/CUMEM/read
nid003729:267313:267313 [3] NCCL INFO Channel 03/0 : 3[3] -> 1[1] via P2P/CUMEM/read
nid003729:267310:267310 [0] NCCL INFO Channel 08/0 : 0[0] -> 2[2] via P2P/CUMEM/read
nid003729:267311:267311 [1] NCCL INFO Channel 04/0 : 1[1] -> 3[3] via P2P/CUMEM/read
nid003729:267312:267312 [2] NCCL INFO Channel 10/0 : 2[2] -> 0[0] via P2P/CUMEM/read
nid003729:267310:267310 [0] NCCL INFO Channel 09/0 : 0[0] -> 2[2] via P2P/CUMEM/read
nid003729:267313:267313 [3] NCCL INFO Channel 07/0 : 3[3] -> 1[1] via P2P/CUMEM/read
nid003729:267311:267311 [1] NCCL INFO Channel 08/0 : 1[1] -> 3[3] via P2P/CUMEM/read
nid003729:267312:267312 [2] NCCL INFO Channel 13/0 : 2[2] -> 0[0] via P2P/CUMEM/read
nid003729:267310:267310 [0] NCCL INFO Channel 14/0 : 0[0] -> 2[2] via P2P/CUMEM/read
nid003729:267313:267313 [3] NCCL INFO Channel 09/0 : 3[3] -> 1[1] via P2P/CUMEM/read
nid003729:267311:267311 [1] NCCL INFO Channel 10/0 : 1[1] -> 3[3] via P2P/CUMEM/read
nid003729:267312:267312 [2] NCCL INFO Channel 16/0 : 2[2] -> 0[0] via P2P/CUMEM/read
nid003729:267310:267310 [0] NCCL INFO Channel 15/0 : 0[0] -> 2[2] via P2P/CUMEM/read
nid003729:267313:267313 [3] NCCL INFO Channel 13/0 : 3[3] -> 1[1] via P2P/CUMEM/read
nid003729:267311:267311 [1] NCCL INFO Channel 14/0 : 1[1] -> 3[3] via P2P/CUMEM/read
nid003729:267312:267312 [2] NCCL INFO Channel 19/0 : 2[2] -> 0[0] via P2P/CUMEM/read
nid003729:267310:267310 [0] NCCL INFO Channel 20/0 : 0[0] -> 2[2] via P2P/CUMEM/read
nid003729:267313:267313 [3] NCCL INFO Channel 15/0 : 3[3] -> 1[1] via P2P/CUMEM/read
nid003729:267311:267311 [1] NCCL INFO Channel 16/0 : 1[1] -> 3[3] via P2P/CUMEM/read
nid003729:267312:267312 [2] NCCL INFO Channel 22/0 : 2[2] -> 0[0] via P2P/CUMEM/read
nid003729:267310:267310 [0] NCCL INFO Channel 21/0 : 0[0] -> 2[2] via P2P/CUMEM/read
nid003729:267311:267311 [1] NCCL INFO Channel 20/0 : 1[1] -> 3[3] via P2P/CUMEM/read
nid003729:267313:267313 [3] NCCL INFO Channel 19/0 : 3[3] -> 1[1] via P2P/CUMEM/read
nid003729:267313:267313 [3] NCCL INFO Channel 21/0 : 3[3] -> 1[1] via P2P/CUMEM/read
nid003729:267311:267311 [1] NCCL INFO Channel 22/0 : 1[1] -> 3[3] via P2P/CUMEM/read
nid003729:267312:267312 [2] NCCL INFO Channel 00/0 : 2[2] -> 1[1] via P2P/CUMEM/read
nid003729:267310:267310 [0] NCCL INFO Channel 00/0 : 0[0] -> 3[3] via P2P/CUMEM/read
nid003729:267310:267310 [0] NCCL INFO Channel 01/0 : 0[0] -> 3[3] via P2P/CUMEM/read
nid003729:267312:267312 [2] NCCL INFO Channel 02/0 : 2[2] -> 1[1] via P2P/CUMEM/read
nid003729:267310:267310 [0] NCCL INFO Channel 06/0 : 0[0] -> 3[3] via P2P/CUMEM/read
nid003729:267312:267312 [2] NCCL INFO Channel 06/0 : 2[2] -> 1[1] via P2P/CUMEM/read
nid003729:267311:267311 [1] NCCL INFO Channel 00/0 : 1[1] -> 0[0] via P2P/CUMEM/read
nid003729:267313:267313 [3] NCCL INFO Channel 00/0 : 3[3] -> 2[2] via P2P/CUMEM/read
nid003729:267310:267310 [0] NCCL INFO Channel 07/0 : 0[0] -> 3[3] via P2P/CUMEM/read
nid003729:267312:267312 [2] NCCL INFO Channel 08/0 : 2[2] -> 1[1] via P2P/CUMEM/read
nid003729:267311:267311 [1] NCCL INFO Channel 03/0 : 1[1] -> 0[0] via P2P/CUMEM/read
nid003729:267312:267312 [2] NCCL INFO Channel 12/0 : 2[2] -> 1[1] via P2P/CUMEM/read
nid003729:267313:267313 [3] NCCL INFO Channel 04/0 : 3[3] -> 2[2] via P2P/CUMEM/read
nid003729:267310:267310 [0] NCCL INFO Channel 12/0 : 0[0] -> 3[3] via P2P/CUMEM/read
nid003729:267310:267310 [0] NCCL INFO Channel 13/0 : 0[0] -> 3[3] via P2P/CUMEM/read
nid003729:267312:267312 [2] NCCL INFO Channel 14/0 : 2[2] -> 1[1] via P2P/CUMEM/read
nid003729:267311:267311 [1] NCCL INFO Channel 06/0 : 1[1] -> 0[0] via P2P/CUMEM/read
nid003729:267313:267313 [3] NCCL INFO Channel 06/0 : 3[3] -> 2[2] via P2P/CUMEM/read
nid003729:267310:267310 [0] NCCL INFO Channel 18/0 : 0[0] -> 3[3] via P2P/CUMEM/read
nid003729:267312:267312 [2] NCCL INFO Channel 18/0 : 2[2] -> 1[1] via P2P/CUMEM/read
nid003729:267311:267311 [1] NCCL INFO Channel 09/0 : 1[1] -> 0[0] via P2P/CUMEM/read
nid003729:267313:267313 [3] NCCL INFO Channel 10/0 : 3[3] -> 2[2] via P2P/CUMEM/read
nid003729:267312:267312 [2] NCCL INFO Channel 20/0 : 2[2] -> 1[1] via P2P/CUMEM/read
nid003729:267310:267310 [0] NCCL INFO Channel 19/0 : 0[0] -> 3[3] via P2P/CUMEM/read
nid003729:267311:267311 [1] NCCL INFO Channel 12/0 : 1[1] -> 0[0] via P2P/CUMEM/read
nid003729:267313:267313 [3] NCCL INFO Channel 12/0 : 3[3] -> 2[2] via P2P/CUMEM/read
nid003729:267311:267311 [1] NCCL INFO Channel 15/0 : 1[1] -> 0[0] via P2P/CUMEM/read
nid003729:267313:267313 [3] NCCL INFO Channel 16/0 : 3[3] -> 2[2] via P2P/CUMEM/read
nid003729:267313:267313 [3] NCCL INFO Channel 18/0 : 3[3] -> 2[2] via P2P/CUMEM/read
nid003729:267311:267311 [1] NCCL INFO Channel 18/0 : 1[1] -> 0[0] via P2P/CUMEM/read
nid003729:267311:267311 [1] NCCL INFO Channel 21/0 : 1[1] -> 0[0] via P2P/CUMEM/read
nid003729:267313:267313 [3] NCCL INFO Channel 22/0 : 3[3] -> 2[2] via P2P/CUMEM/read
nid003729:267311:267311 [1] NCCL INFO Connected all rings, use ring PXN 0 GDR 1
nid003729:267313:267313 [3] NCCL INFO Connected all rings, use ring PXN 0 GDR 1
nid003729:267310:267310 [0] NCCL INFO Connected all rings, use ring PXN 0 GDR 1
nid003729:267312:267312 [2] NCCL INFO Connected all rings, use ring PXN 0 GDR 1
Loading checkpoint: checkpoints/lejepa_epoch_6.pth
[rank1]: Traceback (most recent call last):
[rank1]:   File "/pscratch/sd/e/elavarpa/lejepa_tomography/main.py", line 166, in <module>
[rank1]:     main(default_cfg)
[rank1]:   File "/pscratch/sd/e/elavarpa/lejepa_tomography/env/lib/python3.12/site-packages/hydra/main.py", line 83, in decorated_main
[rank1]:     return task_function(cfg_passthrough)
[rank1]:            ^^^^^^^^^^^^^^^^^^^^^^^^^^^^^^
[rank1]:   File "/pscratch/sd/e/elavarpa/lejepa_tomography/main.py", line 93, in main
[rank1]:     net.module.load_state_dict(checkpoint['model_state_dict'])
[rank1]:   File "/pscratch/sd/e/elavarpa/lejepa_tomography/env/lib/python3.12/site-packages/torch/nn/modules/module.py", line 2639, in load_state_dict
[rank1]:     raise RuntimeError(
[rank1]: RuntimeError: Error(s) in loading state_dict for OptimizedModule:
[rank1]: 	Missing key(s) in state_dict: "_orig_mod.backbone.cls_token", "_orig_mod.backbone.pos_embed", "_orig_mod.backbone.patch_embed.proj.weight", "_orig_mod.backbone.patch_embed.proj.bias", "_orig_mod.backbone.blocks.0.norm1.weight", "_orig_mod.backbone.blocks.0.norm1.bias", "_orig_mod.backbone.blocks.0.attn.qkv.weight", "_orig_mod.backbone.blocks.0.attn.qkv.bias", "_orig_mod.backbone.blocks.0.attn.proj.weight", "_orig_mod.backbone.blocks.0.attn.proj.bias", "_orig_mod.backbone.blocks.0.norm2.weight", "_orig_mod.backbone.blocks.0.norm2.bias", "_orig_mod.backbone.blocks.0.mlp.fc1.weight", "_orig_mod.backbone.blocks.0.mlp.fc1.bias", "_orig_mod.backbone.blocks.0.mlp.fc2.weight", "_orig_mod.backbone.blocks.0.mlp.fc2.bias", "_orig_mod.backbone.blocks.1.norm1.weight", "_orig_mod.backbone.blocks.1.norm1.bias", "_orig_mod.backbone.blocks.1.attn.qkv.weight", "_orig_mod.backbone.blocks.1.attn.qkv.bias", "_orig_mod.backbone.blocks.1.attn.proj.weight", "_orig_mod.backbone.blocks.1.attn.proj.bias", "_orig_mod.backbone.blocks.1.norm2.weight", "_orig_mod.backbone.blocks.1.norm2.bias", "_orig_mod.backbone.blocks.1.mlp.fc1.weight", "_orig_mod.backbone.blocks.1.mlp.fc1.bias", "_orig_mod.backbone.blocks.1.mlp.fc2.weight", "_orig_mod.backbone.blocks.1.mlp.fc2.bias", "_orig_mod.backbone.blocks.2.norm1.weight", "_orig_mod.backbone.blocks.2.norm1.bias", "_orig_mod.backbone.blocks.2.attn.qkv.weight", "_orig_mod.backbone.blocks.2.attn.qkv.bias", "_orig_mod.backbone.blocks.2.attn.proj.weight", "_orig_mod.backbone.blocks.2.attn.proj.bias", "_orig_mod.backbone.blocks.2.norm2.weight", "_orig_mod.backbone.blocks.2.norm2.bias", "_orig_mod.backbone.blocks.2.mlp.fc1.weight", "_orig_mod.backbone.blocks.2.mlp.fc1.bias", "_orig_mod.backbone.blocks.2.mlp.fc2.weight", "_orig_mod.backbone.blocks.2.mlp.fc2.bias", "_orig_mod.backbone.blocks.3.norm1.weight", "_orig_mod.backbone.blocks.3.norm1.bias", "_orig_mod.backbone.blocks.3.attn.qkv.weight", "_orig_mod.backbone.blocks.3.attn.qkv.bias", "_orig_mod.backbone.blocks.3.attn.proj.weight", "_orig_mod.backbone.blocks.3.attn.proj.bias", "_orig_mod.backbone.blocks.3.norm2.weight", "_orig_mod.backbone.blocks.3.norm2.bias", "_orig_mod.backbone.blocks.3.mlp.fc1.weight", "_orig_mod.backbone.blocks.3.mlp.fc1.bias", "_orig_mod.backbone.blocks.3.mlp.fc2.weight", "_orig_mod.backbone.blocks.3.mlp.fc2.bias", "_orig_mod.backbone.blocks.4.norm1.weight", "_orig_mod.backbone.blocks.4.norm1.bias", "_orig_mod.backbone.blocks.4.attn.qkv.weight", "_orig_mod.backbone.blocks.4.attn.qkv.bias", "_orig_mod.backbone.blocks.4.attn.proj.weight", "_orig_mod.backbone.blocks.4.attn.proj.bias", "_orig_mod.backbone.blocks.4.norm2.weight", "_orig_mod.backbone.blocks.4.norm2.bias", "_orig_mod.backbone.blocks.4.mlp.fc1.weight", "_orig_mod.backbone.blocks.4.mlp.fc1.bias", "_orig_mod.backbone.blocks.4.mlp.fc2.weight", "_orig_mod.backbone.blocks.4.mlp.fc2.bias", "_orig_mod.backbone.blocks.5.norm1.weight", "_orig_mod.backbone.blocks.5.norm1.bias", "_orig_mod.backbone.blocks.5.attn.qkv.weight", "_orig_mod.backbone.blocks.5.attn.qkv.bias", "_orig_mod.backbone.blocks.5.attn.proj.weight", "_orig_mod.backbone.blocks.5.attn.proj.bias", "_orig_mod.backbone.blocks.5.norm2.weight", "_orig_mod.backbone.blocks.5.norm2.bias", "_orig_mod.backbone.blocks.5.mlp.fc1.weight", "_orig_mod.backbone.blocks.5.mlp.fc1.bias", "_orig_mod.backbone.blocks.5.mlp.fc2.weight", "_orig_mod.backbone.blocks.5.mlp.fc2.bias", "_orig_mod.backbone.blocks.6.norm1.weight", "_orig_mod.backbone.blocks.6.norm1.bias", "_orig_mod.backbone.blocks.6.attn.qkv.weight", "_orig_mod.backbone.blocks.6.attn.qkv.bias", "_orig_mod.backbone.blocks.6.attn.proj.weight", "_orig_mod.backbone.blocks.6.attn.proj.bias", "_orig_mod.backbone.blocks.6.norm2.weight", "_orig_mod.backbone.blocks.6.norm2.bias", "_orig_mod.backbone.blocks.6.mlp.fc1.weight", "_orig_mod.backbone.blocks.6.mlp.fc1.bias", "_orig_mod.backbone.blocks.6.mlp.fc2.weight", "_orig_mod.backbone.blocks.6.mlp.fc2.bias", "_orig_mod.backbone.blocks.7.norm1.weight", "_orig_mod.backbone.blocks.7.norm1.bias", "_orig_mod.backbone.blocks.7.attn.qkv.weight", "_orig_mod.backbone.blocks.7.attn.qkv.bias", "_orig_mod.backbone.blocks.7.attn.proj.weight", "_orig_mod.backbone.blocks.7.attn.proj.bias", "_orig_mod.backbone.blocks.7.norm2.weight", "_orig_mod.backbone.blocks.7.norm2.bias", "_orig_mod.backbone.blocks.7.mlp.fc1.weight", "_orig_mod.backbone.blocks.7.mlp.fc1.bias", "_orig_mod.backbone.blocks.7.mlp.fc2.weight", "_orig_mod.backbone.blocks.7.mlp.fc2.bias", "_orig_mod.backbone.blocks.8.norm1.weight", "_orig_mod.backbone.blocks.8.norm1.bias", "_orig_mod.backbone.blocks.8.attn.qkv.weight", "_orig_mod.backbone.blocks.8.attn.qkv.bias", "_orig_mod.backbone.blocks.8.attn.proj.weight", "_orig_mod.backbone.blocks.8.attn.proj.bias", "_orig_mod.backbone.blocks.8.norm2.weight", "_orig_mod.backbone.blocks.8.norm2.bias", "_orig_mod.backbone.blocks.8.mlp.fc1.weight", "_orig_mod.backbone.blocks.8.mlp.fc1.bias", "_orig_mod.backbone.blocks.8.mlp.fc2.weight", "_orig_mod.backbone.blocks.8.mlp.fc2.bias", "_orig_mod.backbone.blocks.9.norm1.weight", "_orig_mod.backbone.blocks.9.norm1.bias", "_orig_mod.backbone.blocks.9.attn.qkv.weight", "_orig_mod.backbone.blocks.9.attn.qkv.bias", "_orig_mod.backbone.blocks.9.attn.proj.weight", "_orig_mod.backbone.blocks.9.attn.proj.bias", "_orig_mod.backbone.blocks.9.norm2.weight", "_orig_mod.backbone.blocks.9.norm2.bias", "_orig_mod.backbone.blocks.9.mlp.fc1.weight", "_orig_mod.backbone.blocks.9.mlp.fc1.bias", "_orig_mod.backbone.blocks.9.mlp.fc2.weight", "_orig_mod.backbone.blocks.9.mlp.fc2.bias", "_orig_mod.backbone.blocks.10.norm1.weight", "_orig_mod.backbone.blocks.10.norm1.bias", "_orig_mod.backbone.blocks.10.attn.qkv.weight", "_orig_mod.backbone.blocks.10.attn.qkv.bias", "_orig_mod.backbone.blocks.10.attn.proj.weight", "_orig_mod.backbone.blocks.10.attn.proj.bias", "_orig_mod.backbone.blocks.10.norm2.weight", "_orig_mod.backbone.blocks.10.norm2.bias", "_orig_mod.backbone.blocks.10.mlp.fc1.weight", "_orig_mod.backbone.blocks.10.mlp.fc1.bias", "_orig_mod.backbone.blocks.10.mlp.fc2.weight", "_orig_mod.backbone.blocks.10.mlp.fc2.bias", "_orig_mod.backbone.blocks.11.norm1.weight", "_orig_mod.backbone.blocks.11.norm1.bias", "_orig_mod.backbone.blocks.11.attn.qkv.weight", "_orig_mod.backbone.blocks.11.attn.qkv.bias", "_orig_mod.backbone.blocks.11.attn.proj.weight", "_orig_mod.backbone.blocks.11.attn.proj.bias", "_orig_mod.backbone.blocks.11.norm2.weight", "_orig_mod.backbone.blocks.11.norm2.bias", "_orig_mod.backbone.blocks.11.mlp.fc1.weight", "_orig_mod.backbone.blocks.11.mlp.fc1.bias", "_orig_mod.backbone.blocks.11.mlp.fc2.weight", "_orig_mod.backbone.blocks.11.mlp.fc2.bias", "_orig_mod.backbone.norm.weight", "_orig_mod.backbone.norm.bias", "_orig_mod.backbone.head.weight", "_orig_mod.backbone.head.bias", "_orig_mod.proj.0.weight", "_orig_mod.proj.0.bias", "_orig_mod.proj.1.weight", "_orig_mod.proj.1.bias", "_orig_mod.proj.1.running_mean", "_orig_mod.proj.1.running_var", "_orig_mod.proj.4.weight", "_orig_mod.proj.4.bias", "_orig_mod.proj.5.weight", "_orig_mod.proj.5.bias", "_orig_mod.proj.5.running_mean", "_orig_mod.proj.5.running_var", "_orig_mod.proj.8.weight", "_orig_mod.proj.8.bias". 
[rank1]: 	Unexpected key(s) in state_dict: "backbone.cls_token", "backbone.pos_embed", "backbone.patch_embed.proj.weight", "backbone.patch_embed.proj.bias", "backbone.blocks.0.norm1.weight", "backbone.blocks.0.norm1.bias", "backbone.blocks.0.attn.qkv.weight", "backbone.blocks.0.attn.qkv.bias", "backbone.blocks.0.attn.proj.weight", "backbone.blocks.0.attn.proj.bias", "backbone.blocks.0.norm2.weight", "backbone.blocks.0.norm2.bias", "backbone.blocks.0.mlp.fc1.weight", "backbone.blocks.0.mlp.fc1.bias", "backbone.blocks.0.mlp.fc2.weight", "backbone.blocks.0.mlp.fc2.bias", "backbone.blocks.1.norm1.weight", "backbone.blocks.1.norm1.bias", "backbone.blocks.1.attn.qkv.weight", "backbone.blocks.1.attn.qkv.bias", "backbone.blocks.1.attn.proj.weight", "backbone.blocks.1.attn.proj.bias", "backbone.blocks.1.norm2.weight", "backbone.blocks.1.norm2.bias", "backbone.blocks.1.mlp.fc1.weight", "backbone.blocks.1.mlp.fc1.bias", "backbone.blocks.1.mlp.fc2.weight", "backbone.blocks.1.mlp.fc2.bias", "backbone.blocks.2.norm1.weight", "backbone.blocks.2.norm1.bias", "backbone.blocks.2.attn.qkv.weight", "backbone.blocks.2.attn.qkv.bias", "backbone.blocks.2.attn.proj.weight", "backbone.blocks.2.attn.proj.bias", "backbone.blocks.2.norm2.weight", "backbone.blocks.2.norm2.bias", "backbone.blocks.2.mlp.fc1.weight", "backbone.blocks.2.mlp.fc1.bias", "backbone.blocks.2.mlp.fc2.weight", "backbone.blocks.2.mlp.fc2.bias", "backbone.blocks.3.norm1.weight", "backbone.blocks.3.norm1.bias", "backbone.blocks.3.attn.qkv.weight", "backbone.blocks.3.attn.qkv.bias", "backbone.blocks.3.attn.proj.weight", "backbone.blocks.3.attn.proj.bias", "backbone.blocks.3.norm2.weight", "backbone.blocks.3.norm2.bias", "backbone.blocks.3.mlp.fc1.weight", "backbone.blocks.3.mlp.fc1.bias", "backbone.blocks.3.mlp.fc2.weight", "backbone.blocks.3.mlp.fc2.bias", "backbone.blocks.4.norm1.weight", "backbone.blocks.4.norm1.bias", "backbone.blocks.4.attn.qkv.weight", "backbone.blocks.4.attn.qkv.bias", "backbone.blocks.4.attn.proj.weight", "backbone.blocks.4.attn.proj.bias", "backbone.blocks.4.norm2.weight", "backbone.blocks.4.norm2.bias", "backbone.blocks.4.mlp.fc1.weight", "backbone.blocks.4.mlp.fc1.bias", "backbone.blocks.4.mlp.fc2.weight", "backbone.blocks.4.mlp.fc2.bias", "backbone.blocks.5.norm1.weight", "backbone.blocks.5.norm1.bias", "backbone.blocks.5.attn.qkv.weight", "backbone.blocks.5.attn.qkv.bias", "backbone.blocks.5.attn.proj.weight", "backbone.blocks.5.attn.proj.bias", "backbone.blocks.5.norm2.weight", "backbone.blocks.5.norm2.bias", "backbone.blocks.5.mlp.fc1.weight", "backbone.blocks.5.mlp.fc1.bias", "backbone.blocks.5.mlp.fc2.weight", "backbone.blocks.5.mlp.fc2.bias", "backbone.blocks.6.norm1.weight", "backbone.blocks.6.norm1.bias", "backbone.blocks.6.attn.qkv.weight", "backbone.blocks.6.attn.qkv.bias", "backbone.blocks.6.attn.proj.weight", "backbone.blocks.6.attn.proj.bias", "backbone.blocks.6.norm2.weight", "backbone.blocks.6.norm2.bias", "backbone.blocks.6.mlp.fc1.weight", "backbone.blocks.6.mlp.fc1.bias", "backbone.blocks.6.mlp.fc2.weight", "backbone.blocks.6.mlp.fc2.bias", "backbone.blocks.7.norm1.weight", "backbone.blocks.7.norm1.bias", "backbone.blocks.7.attn.qkv.weight", "backbone.blocks.7.attn.qkv.bias", "backbone.blocks.7.attn.proj.weight", "backbone.blocks.7.attn.proj.bias", "backbone.blocks.7.norm2.weight", "backbone.blocks.7.norm2.bias", "backbone.blocks.7.mlp.fc1.weight", "backbone.blocks.7.mlp.fc1.bias", "backbone.blocks.7.mlp.fc2.weight", "backbone.blocks.7.mlp.fc2.bias", "backbone.blocks.8.norm1.weight", "backbone.blocks.8.norm1.bias", "backbone.blocks.8.attn.qkv.weight", "backbone.blocks.8.attn.qkv.bias", "backbone.blocks.8.attn.proj.weight", "backbone.blocks.8.attn.proj.bias", "backbone.blocks.8.norm2.weight", "backbone.blocks.8.norm2.bias", "backbone.blocks.8.mlp.fc1.weight", "backbone.blocks.8.mlp.fc1.bias", "backbone.blocks.8.mlp.fc2.weight", "backbone.blocks.8.mlp.fc2.bias", "backbone.blocks.9.norm1.weight", "backbone.blocks.9.norm1.bias", "backbone.blocks.9.attn.qkv.weight", "backbone.blocks.9.attn.qkv.bias", "backbone.blocks.9.attn.proj.weight", "backbone.blocks.9.attn.proj.bias", "backbone.blocks.9.norm2.weight", "backbone.blocks.9.norm2.bias", "backbone.blocks.9.mlp.fc1.weight", "backbone.blocks.9.mlp.fc1.bias", "backbone.blocks.9.mlp.fc2.weight", "backbone.blocks.9.mlp.fc2.bias", "backbone.blocks.10.norm1.weight", "backbone.blocks.10.norm1.bias", "backbone.blocks.10.attn.qkv.weight", "backbone.blocks.10.attn.qkv.bias", "backbone.blocks.10.attn.proj.weight", "backbone.blocks.10.attn.proj.bias", "backbone.blocks.10.norm2.weight", "backbone.blocks.10.norm2.bias", "backbone.blocks.10.mlp.fc1.weight", "backbone.blocks.10.mlp.fc1.bias", "backbone.blocks.10.mlp.fc2.weight", "backbone.blocks.10.mlp.fc2.bias", "backbone.blocks.11.norm1.weight", "backbone.blocks.11.norm1.bias", "backbone.blocks.11.attn.qkv.weight", "backbone.blocks.11.attn.qkv.bias", "backbone.blocks.11.attn.proj.weight", "backbone.blocks.11.attn.proj.bias", "backbone.blocks.11.norm2.weight", "backbone.blocks.11.norm2.bias", "backbone.blocks.11.mlp.fc1.weight", "backbone.blocks.11.mlp.fc1.bias", "backbone.blocks.11.mlp.fc2.weight", "backbone.blocks.11.mlp.fc2.bias", "backbone.norm.weight", "backbone.norm.bias", "backbone.head.weight", "backbone.head.bias", "proj.0.weight", "proj.0.bias", "proj.1.weight", "proj.1.bias", "proj.1.running_mean", "proj.1.running_var", "proj.1.num_batches_tracked", "proj.4.weight", "proj.4.bias", "proj.5.weight", "proj.5.bias", "proj.5.running_mean", "proj.5.running_var", "proj.5.num_batches_tracked", "proj.8.weight", "proj.8.bias". 
[rank2]: Traceback (most recent call last):
[rank2]:   File "/pscratch/sd/e/elavarpa/lejepa_tomography/main.py", line 166, in <module>
[rank2]:     main(default_cfg)
[rank2]:   File "/pscratch/sd/e/elavarpa/lejepa_tomography/env/lib/python3.12/site-packages/hydra/main.py", line 83, in decorated_main
[rank2]:     return task_function(cfg_passthrough)
[rank2]:            ^^^^^^^^^^^^^^^^^^^^^^^^^^^^^^
[rank2]:   File "/pscratch/sd/e/elavarpa/lejepa_tomography/main.py", line 93, in main
[rank2]:     net.module.load_state_dict(checkpoint['model_state_dict'])
[rank2]:   File "/pscratch/sd/e/elavarpa/lejepa_tomography/env/lib/python3.12/site-packages/torch/nn/modules/module.py", line 2639, in load_state_dict
[rank2]:     raise RuntimeError(
[rank2]: RuntimeError: Error(s) in loading state_dict for OptimizedModule:
[rank2]: 	Missing key(s) in state_dict: "_orig_mod.backbone.cls_token", "_orig_mod.backbone.pos_embed", "_orig_mod.backbone.patch_embed.proj.weight", "_orig_mod.backbone.patch_embed.proj.bias", "_orig_mod.backbone.blocks.0.norm1.weight", "_orig_mod.backbone.blocks.0.norm1.bias", "_orig_mod.backbone.blocks.0.attn.qkv.weight", "_orig_mod.backbone.blocks.0.attn.qkv.bias", "_orig_mod.backbone.blocks.0.attn.proj.weight", "_orig_mod.backbone.blocks.0.attn.proj.bias", "_orig_mod.backbone.blocks.0.norm2.weight", "_orig_mod.backbone.blocks.0.norm2.bias", "_orig_mod.backbone.blocks.0.mlp.fc1.weight", "_orig_mod.backbone.blocks.0.mlp.fc1.bias", "_orig_mod.backbone.blocks.0.mlp.fc2.weight", "_orig_mod.backbone.blocks.0.mlp.fc2.bias", "_orig_mod.backbone.blocks.1.norm1.weight", "_orig_mod.backbone.blocks.1.norm1.bias", "_orig_mod.backbone.blocks.1.attn.qkv.weight", "_orig_mod.backbone.blocks.1.attn.qkv.bias", "_orig_mod.backbone.blocks.1.attn.proj.weight", "_orig_mod.backbone.blocks.1.attn.proj.bias", "_orig_mod.backbone.blocks.1.norm2.weight", "_orig_mod.backbone.blocks.1.norm2.bias", "_orig_mod.backbone.blocks.1.mlp.fc1.weight", "_orig_mod.backbone.blocks.1.mlp.fc1.bias", "_orig_mod.backbone.blocks.1.mlp.fc2.weight", "_orig_mod.backbone.blocks.1.mlp.fc2.bias", "_orig_mod.backbone.blocks.2.norm1.weight", "_orig_mod.backbone.blocks.2.norm1.bias", "_orig_mod.backbone.blocks.2.attn.qkv.weight", "_orig_mod.backbone.blocks.2.attn.qkv.bias", "_orig_mod.backbone.blocks.2.attn.proj.weight", "_orig_mod.backbone.blocks.2.attn.proj.bias", "_orig_mod.backbone.blocks.2.norm2.weight", "_orig_mod.backbone.blocks.2.norm2.bias", "_orig_mod.backbone.blocks.2.mlp.fc1.weight", "_orig_mod.backbone.blocks.2.mlp.fc1.bias", "_orig_mod.backbone.blocks.2.mlp.fc2.weight", "_orig_mod.backbone.blocks.2.mlp.fc2.bias", "_orig_mod.backbone.blocks.3.norm1.weight", "_orig_mod.backbone.blocks.3.norm1.bias", "_orig_mod.backbone.blocks.3.attn.qkv.weight", "_orig_mod.backbone.blocks.3.attn.qkv.bias", "_orig_mod.backbone.blocks.3.attn.proj.weight", "_orig_mod.backbone.blocks.3.attn.proj.bias", "_orig_mod.backbone.blocks.3.norm2.weight", "_orig_mod.backbone.blocks.3.norm2.bias", "_orig_mod.backbone.blocks.3.mlp.fc1.weight", "_orig_mod.backbone.blocks.3.mlp.fc1.bias", "_orig_mod.backbone.blocks.3.mlp.fc2.weight", "_orig_mod.backbone.blocks.3.mlp.fc2.bias", "_orig_mod.backbone.blocks.4.norm1.weight", "_orig_mod.backbone.blocks.4.norm1.bias", "_orig_mod.backbone.blocks.4.attn.qkv.weight", "_orig_mod.backbone.blocks.4.attn.qkv.bias", "_orig_mod.backbone.blocks.4.attn.proj.weight", "_orig_mod.backbone.blocks.4.attn.proj.bias", "_orig_mod.backbone.blocks.4.norm2.weight", "_orig_mod.backbone.blocks.4.norm2.bias", "_orig_mod.backbone.blocks.4.mlp.fc1.weight", "_orig_mod.backbone.blocks.4.mlp.fc1.bias", "_orig_mod.backbone.blocks.4.mlp.fc2.weight", "_orig_mod.backbone.blocks.4.mlp.fc2.bias", "_orig_mod.backbone.blocks.5.norm1.weight", "_orig_mod.backbone.blocks.5.norm1.bias", "_orig_mod.backbone.blocks.5.attn.qkv.weight", "_orig_mod.backbone.blocks.5.attn.qkv.bias", "_orig_mod.backbone.blocks.5.attn.proj.weight", "_orig_mod.backbone.blocks.5.attn.proj.bias", "_orig_mod.backbone.blocks.5.norm2.weight", "_orig_mod.backbone.blocks.5.norm2.bias", "_orig_mod.backbone.blocks.5.mlp.fc1.weight", "_orig_mod.backbone.blocks.5.mlp.fc1.bias", "_orig_mod.backbone.blocks.5.mlp.fc2.weight", "_orig_mod.backbone.blocks.5.mlp.fc2.bias", "_orig_mod.backbone.blocks.6.norm1.weight", "_orig_mod.backbone.blocks.6.norm1.bias", "_orig_mod.backbone.blocks.6.attn.qkv.weight", "_orig_mod.backbone.blocks.6.attn.qkv.bias", "_orig_mod.backbone.blocks.6.attn.proj.weight", "_orig_mod.backbone.blocks.6.attn.proj.bias", "_orig_mod.backbone.blocks.6.norm2.weight", "_orig_mod.backbone.blocks.6.norm2.bias", "_orig_mod.backbone.blocks.6.mlp.fc1.weight", "_orig_mod.backbone.blocks.6.mlp.fc1.bias", "_orig_mod.backbone.blocks.6.mlp.fc2.weight", "_orig_mod.backbone.blocks.6.mlp.fc2.bias", "_orig_mod.backbone.blocks.7.norm1.weight", "_orig_mod.backbone.blocks.7.norm1.bias", "_orig_mod.backbone.blocks.7.attn.qkv.weight", "_orig_mod.backbone.blocks.7.attn.qkv.bias", "_orig_mod.backbone.blocks.7.attn.proj.weight", "_orig_mod.backbone.blocks.7.attn.proj.bias", "_orig_mod.backbone.blocks.7.norm2.weight", "_orig_mod.backbone.blocks.7.norm2.bias", "_orig_mod.backbone.blocks.7.mlp.fc1.weight", "_orig_mod.backbone.blocks.7.mlp.fc1.bias", "_orig_mod.backbone.blocks.7.mlp.fc2.weight", "_orig_mod.backbone.blocks.7.mlp.fc2.bias", "_orig_mod.backbone.blocks.8.norm1.weight", "_orig_mod.backbone.blocks.8.norm1.bias", "_orig_mod.backbone.blocks.8.attn.qkv.weight", "_orig_mod.backbone.blocks.8.attn.qkv.bias", "_orig_mod.backbone.blocks.8.attn.proj.weight", "_orig_mod.backbone.blocks.8.attn.proj.bias", "_orig_mod.backbone.blocks.8.norm2.weight", "_orig_mod.backbone.blocks.8.norm2.bias", "_orig_mod.backbone.blocks.8.mlp.fc1.weight", "_orig_mod.backbone.blocks.8.mlp.fc1.bias", "_orig_mod.backbone.blocks.8.mlp.fc2.weight", "_orig_mod.backbone.blocks.8.mlp.fc2.bias", "_orig_mod.backbone.blocks.9.norm1.weight", "_orig_mod.backbone.blocks.9.norm1.bias", "_orig_mod.backbone.blocks.9.attn.qkv.weight", "_orig_mod.backbone.blocks.9.attn.qkv.bias", "_orig_mod.backbone.blocks.9.attn.proj.weight", "_orig_mod.backbone.blocks.9.attn.proj.bias", "_orig_mod.backbone.blocks.9.norm2.weight", "_orig_mod.backbone.blocks.9.norm2.bias", "_orig_mod.backbone.blocks.9.mlp.fc1.weight", "_orig_mod.backbone.blocks.9.mlp.fc1.bias", "_orig_mod.backbone.blocks.9.mlp.fc2.weight", "_orig_mod.backbone.blocks.9.mlp.fc2.bias", "_orig_mod.backbone.blocks.10.norm1.weight", "_orig_mod.backbone.blocks.10.norm1.bias", "_orig_mod.backbone.blocks.10.attn.qkv.weight", "_orig_mod.backbone.blocks.10.attn.qkv.bias", "_orig_mod.backbone.blocks.10.attn.proj.weight", "_orig_mod.backbone.blocks.10.attn.proj.bias", "_orig_mod.backbone.blocks.10.norm2.weight", "_orig_mod.backbone.blocks.10.norm2.bias", "_orig_mod.backbone.blocks.10.mlp.fc1.weight", "_orig_mod.backbone.blocks.10.mlp.fc1.bias", "_orig_mod.backbone.blocks.10.mlp.fc2.weight", "_orig_mod.backbone.blocks.10.mlp.fc2.bias", "_orig_mod.backbone.blocks.11.norm1.weight", "_orig_mod.backbone.blocks.11.norm1.bias", "_orig_mod.backbone.blocks.11.attn.qkv.weight", "_orig_mod.backbone.blocks.11.attn.qkv.bias", "_orig_mod.backbone.blocks.11.attn.proj.weight", "_orig_mod.backbone.blocks.11.attn.proj.bias", "_orig_mod.backbone.blocks.11.norm2.weight", "_orig_mod.backbone.blocks.11.norm2.bias", "_orig_mod.backbone.blocks.11.mlp.fc1.weight", "_orig_mod.backbone.blocks.11.mlp.fc1.bias", "_orig_mod.backbone.blocks.11.mlp.fc2.weight", "_orig_mod.backbone.blocks.11.mlp.fc2.bias", "_orig_mod.backbone.norm.weight", "_orig_mod.backbone.norm.bias", "_orig_mod.backbone.head.weight", "_orig_mod.backbone.head.bias", "_orig_mod.proj.0.weight", "_orig_mod.proj.0.bias", "_orig_mod.proj.1.weight", "_orig_mod.proj.1.bias", "_orig_mod.proj.1.running_mean", "_orig_mod.proj.1.running_var", "_orig_mod.proj.4.weight", "_orig_mod.proj.4.bias", "_orig_mod.proj.5.weight", "_orig_mod.proj.5.bias", "_orig_mod.proj.5.running_mean", "_orig_mod.proj.5.running_var", "_orig_mod.proj.8.weight", "_orig_mod.proj.8.bias". 
[rank2]: 	Unexpected key(s) in state_dict: "backbone.cls_token", "backbone.pos_embed", "backbone.patch_embed.proj.weight", "backbone.patch_embed.proj.bias", "backbone.blocks.0.norm1.weight", "backbone.blocks.0.norm1.bias", "backbone.blocks.0.attn.qkv.weight", "backbone.blocks.0.attn.qkv.bias", "backbone.blocks.0.attn.proj.weight", "backbone.blocks.0.attn.proj.bias", "backbone.blocks.0.norm2.weight", "backbone.blocks.0.norm2.bias", "backbone.blocks.0.mlp.fc1.weight", "backbone.blocks.0.mlp.fc1.bias", "backbone.blocks.0.mlp.fc2.weight", "backbone.blocks.0.mlp.fc2.bias", "backbone.blocks.1.norm1.weight", "backbone.blocks.1.norm1.bias", "backbone.blocks.1.attn.qkv.weight", "backbone.blocks.1.attn.qkv.bias", "backbone.blocks.1.attn.proj.weight", "backbone.blocks.1.attn.proj.bias", "backbone.blocks.1.norm2.weight", "backbone.blocks.1.norm2.bias", "backbone.blocks.1.mlp.fc1.weight", "backbone.blocks.1.mlp.fc1.bias", "backbone.blocks.1.mlp.fc2.weight", "backbone.blocks.1.mlp.fc2.bias", "backbone.blocks.2.norm1.weight", "backbone.blocks.2.norm1.bias", "backbone.blocks.2.attn.qkv.weight", "backbone.blocks.2.attn.qkv.bias", "backbone.blocks.2.attn.proj.weight", "backbone.blocks.2.attn.proj.bias", "backbone.blocks.2.norm2.weight", "backbone.blocks.2.norm2.bias", "backbone.blocks.2.mlp.fc1.weight", "backbone.blocks.2.mlp.fc1.bias", "backbone.blocks.2.mlp.fc2.weight", "backbone.blocks.2.mlp.fc2.bias", "backbone.blocks.3.norm1.weight", "backbone.blocks.3.norm1.bias", "backbone.blocks.3.attn.qkv.weight", "backbone.blocks.3.attn.qkv.bias", "backbone.blocks.3.attn.proj.weight", "backbone.blocks.3.attn.proj.bias", "backbone.blocks.3.norm2.weight", "backbone.blocks.3.norm2.bias", "backbone.blocks.3.mlp.fc1.weight", "backbone.blocks.3.mlp.fc1.bias", "backbone.blocks.3.mlp.fc2.weight", "backbone.blocks.3.mlp.fc2.bias", "backbone.blocks.4.norm1.weight", "backbone.blocks.4.norm1.bias", "backbone.blocks.4.attn.qkv.weight", "backbone.blocks.4.attn.qkv.bias", "backbone.blocks.4.attn.proj.weight", "backbone.blocks.4.attn.proj.bias", "backbone.blocks.4.norm2.weight", "backbone.blocks.4.norm2.bias", "backbone.blocks.4.mlp.fc1.weight", "backbone.blocks.4.mlp.fc1.bias", "backbone.blocks.4.mlp.fc2.weight", "backbone.blocks.4.mlp.fc2.bias", "backbone.blocks.5.norm1.weight", "backbone.blocks.5.norm1.bias", "backbone.blocks.5.attn.qkv.weight", "backbone.blocks.5.attn.qkv.bias", "backbone.blocks.5.attn.proj.weight", "backbone.blocks.5.attn.proj.bias", "backbone.blocks.5.norm2.weight", "backbone.blocks.5.norm2.bias", "backbone.blocks.5.mlp.fc1.weight", "backbone.blocks.5.mlp.fc1.bias", "backbone.blocks.5.mlp.fc2.weight", "backbone.blocks.5.mlp.fc2.bias", "backbone.blocks.6.norm1.weight", "backbone.blocks.6.norm1.bias", "backbone.blocks.6.attn.qkv.weight", "backbone.blocks.6.attn.qkv.bias", "backbone.blocks.6.attn.proj.weight", "backbone.blocks.6.attn.proj.bias", "backbone.blocks.6.norm2.weight", "backbone.blocks.6.norm2.bias", "backbone.blocks.6.mlp.fc1.weight", "backbone.blocks.6.mlp.fc1.bias", "backbone.blocks.6.mlp.fc2.weight", "backbone.blocks.6.mlp.fc2.bias", "backbone.blocks.7.norm1.weight", "backbone.blocks.7.norm1.bias", "backbone.blocks.7.attn.qkv.weight", "backbone.blocks.7.attn.qkv.bias", "backbone.blocks.7.attn.proj.weight", "backbone.blocks.7.attn.proj.bias", "backbone.blocks.7.norm2.weight", "backbone.blocks.7.norm2.bias", "backbone.blocks.7.mlp.fc1.weight", "backbone.blocks.7.mlp.fc1.bias", "backbone.blocks.7.mlp.fc2.weight", "backbone.blocks.7.mlp.fc2.bias", "backbone.blocks.8.norm1.weight", "backbone.blocks.8.norm1.bias", "backbone.blocks.8.attn.qkv.weight", "backbone.blocks.8.attn.qkv.bias", "backbone.blocks.8.attn.proj.weight", "backbone.blocks.8.attn.proj.bias", "backbone.blocks.8.norm2.weight", "backbone.blocks.8.norm2.bias", "backbone.blocks.8.mlp.fc1.weight", "backbone.blocks.8.mlp.fc1.bias", "backbone.blocks.8.mlp.fc2.weight", "backbone.blocks.8.mlp.fc2.bias", "backbone.blocks.9.norm1.weight", "backbone.blocks.9.norm1.bias", "backbone.blocks.9.attn.qkv.weight", "backbone.blocks.9.attn.qkv.bias", "backbone.blocks.9.attn.proj.weight", "backbone.blocks.9.attn.proj.bias", "backbone.blocks.9.norm2.weight", "backbone.blocks.9.norm2.bias", "backbone.blocks.9.mlp.fc1.weight", "backbone.blocks.9.mlp.fc1.bias", "backbone.blocks.9.mlp.fc2.weight", "backbone.blocks.9.mlp.fc2.bias", "backbone.blocks.10.norm1.weight", "backbone.blocks.10.norm1.bias", "backbone.blocks.10.attn.qkv.weight", "backbone.blocks.10.attn.qkv.bias", "backbone.blocks.10.attn.proj.weight", "backbone.blocks.10.attn.proj.bias", "backbone.blocks.10.norm2.weight", "backbone.blocks.10.norm2.bias", "backbone.blocks.10.mlp.fc1.weight", "backbone.blocks.10.mlp.fc1.bias", "backbone.blocks.10.mlp.fc2.weight", "backbone.blocks.10.mlp.fc2.bias", "backbone.blocks.11.norm1.weight", "backbone.blocks.11.norm1.bias", "backbone.blocks.11.attn.qkv.weight", "backbone.blocks.11.attn.qkv.bias", "backbone.blocks.11.attn.proj.weight", "backbone.blocks.11.attn.proj.bias", "backbone.blocks.11.norm2.weight", "backbone.blocks.11.norm2.bias", "backbone.blocks.11.mlp.fc1.weight", "backbone.blocks.11.mlp.fc1.bias", "backbone.blocks.11.mlp.fc2.weight", "backbone.blocks.11.mlp.fc2.bias", "backbone.norm.weight", "backbone.norm.bias", "backbone.head.weight", "backbone.head.bias", "proj.0.weight", "proj.0.bias", "proj.1.weight", "proj.1.bias", "proj.1.running_mean", "proj.1.running_var", "proj.1.num_batches_tracked", "proj.4.weight", "proj.4.bias", "proj.5.weight", "proj.5.bias", "proj.5.running_mean", "proj.5.running_var", "proj.5.num_batches_tracked", "proj.8.weight", "proj.8.bias". 
[rank0]: Traceback (most recent call last):
[rank0]:   File "/pscratch/sd/e/elavarpa/lejepa_tomography/main.py", line 166, in <module>
[rank0]:     main(default_cfg)
[rank0]:   File "/pscratch/sd/e/elavarpa/lejepa_tomography/env/lib/python3.12/site-packages/hydra/main.py", line 83, in decorated_main
[rank0]:     return task_function(cfg_passthrough)
[rank0]:            ^^^^^^^^^^^^^^^^^^^^^^^^^^^^^^
[rank0]:   File "/pscratch/sd/e/elavarpa/lejepa_tomography/main.py", line 93, in main
[rank0]:     net.module.load_state_dict(checkpoint['model_state_dict'])
[rank0]:   File "/pscratch/sd/e/elavarpa/lejepa_tomography/env/lib/python3.12/site-packages/torch/nn/modules/module.py", line 2639, in load_state_dict
[rank0]:     raise RuntimeError(
[rank0]: RuntimeError: Error(s) in loading state_dict for OptimizedModule:
[rank0]: 	Missing key(s) in state_dict: "_orig_mod.backbone.cls_token", "_orig_mod.backbone.pos_embed", "_orig_mod.backbone.patch_embed.proj.weight", "_orig_mod.backbone.patch_embed.proj.bias", "_orig_mod.backbone.blocks.0.norm1.weight", "_orig_mod.backbone.blocks.0.norm1.bias", "_orig_mod.backbone.blocks.0.attn.qkv.weight", "_orig_mod.backbone.blocks.0.attn.qkv.bias", "_orig_mod.backbone.blocks.0.attn.proj.weight", "_orig_mod.backbone.blocks.0.attn.proj.bias", "_orig_mod.backbone.blocks.0.norm2.weight", "_orig_mod.backbone.blocks.0.norm2.bias", "_orig_mod.backbone.blocks.0.mlp.fc1.weight", "_orig_mod.backbone.blocks.0.mlp.fc1.bias", "_orig_mod.backbone.blocks.0.mlp.fc2.weight", "_orig_mod.backbone.blocks.0.mlp.fc2.bias", "_orig_mod.backbone.blocks.1.norm1.weight", "_orig_mod.backbone.blocks.1.norm1.bias", "_orig_mod.backbone.blocks.1.attn.qkv.weight", "_orig_mod.backbone.blocks.1.attn.qkv.bias", "_orig_mod.backbone.blocks.1.attn.proj.weight", "_orig_mod.backbone.blocks.1.attn.proj.bias", "_orig_mod.backbone.blocks.1.norm2.weight", "_orig_mod.backbone.blocks.1.norm2.bias", "_orig_mod.backbone.blocks.1.mlp.fc1.weight", "_orig_mod.backbone.blocks.1.mlp.fc1.bias", "_orig_mod.backbone.blocks.1.mlp.fc2.weight", "_orig_mod.backbone.blocks.1.mlp.fc2.bias", "_orig_mod.backbone.blocks.2.norm1.weight", "_orig_mod.backbone.blocks.2.norm1.bias", "_orig_mod.backbone.blocks.2.attn.qkv.weight", "_orig_mod.backbone.blocks.2.attn.qkv.bias", "_orig_mod.backbone.blocks.2.attn.proj.weight", "_orig_mod.backbone.blocks.2.attn.proj.bias", "_orig_mod.backbone.blocks.2.norm2.weight", "_orig_mod.backbone.blocks.2.norm2.bias", "_orig_mod.backbone.blocks.2.mlp.fc1.weight", "_orig_mod.backbone.blocks.2.mlp.fc1.bias", "_orig_mod.backbone.blocks.2.mlp.fc2.weight", "_orig_mod.backbone.blocks.2.mlp.fc2.bias", "_orig_mod.backbone.blocks.3.norm1.weight", "_orig_mod.backbone.blocks.3.norm1.bias", "_orig_mod.backbone.blocks.3.attn.qkv.weight", "_orig_mod.backbone.blocks.3.attn.qkv.bias", "_orig_mod.backbone.blocks.3.attn.proj.weight", "_orig_mod.backbone.blocks.3.attn.proj.bias", "_orig_mod.backbone.blocks.3.norm2.weight", "_orig_mod.backbone.blocks.3.norm2.bias", "_orig_mod.backbone.blocks.3.mlp.fc1.weight", "_orig_mod.backbone.blocks.3.mlp.fc1.bias", "_orig_mod.backbone.blocks.3.mlp.fc2.weight", "_orig_mod.backbone.blocks.3.mlp.fc2.bias", "_orig_mod.backbone.blocks.4.norm1.weight", "_orig_mod.backbone.blocks.4.norm1.bias", "_orig_mod.backbone.blocks.4.attn.qkv.weight", "_orig_mod.backbone.blocks.4.attn.qkv.bias", "_orig_mod.backbone.blocks.4.attn.proj.weight", "_orig_mod.backbone.blocks.4.attn.proj.bias", "_orig_mod.backbone.blocks.4.norm2.weight", "_orig_mod.backbone.blocks.4.norm2.bias", "_orig_mod.backbone.blocks.4.mlp.fc1.weight", "_orig_mod.backbone.blocks.4.mlp.fc1.bias", "_orig_mod.backbone.blocks.4.mlp.fc2.weight", "_orig_mod.backbone.blocks.4.mlp.fc2.bias", "_orig_mod.backbone.blocks.5.norm1.weight", "_orig_mod.backbone.blocks.5.norm1.bias", "_orig_mod.backbone.blocks.5.attn.qkv.weight", "_orig_mod.backbone.blocks.5.attn.qkv.bias", "_orig_mod.backbone.blocks.5.attn.proj.weight", "_orig_mod.backbone.blocks.5.attn.proj.bias", "_orig_mod.backbone.blocks.5.norm2.weight", "_orig_mod.backbone.blocks.5.norm2.bias", "_orig_mod.backbone.blocks.5.mlp.fc1.weight", "_orig_mod.backbone.blocks.5.mlp.fc1.bias", "_orig_mod.backbone.blocks.5.mlp.fc2.weight", "_orig_mod.backbone.blocks.5.mlp.fc2.bias", "_orig_mod.backbone.blocks.6.norm1.weight", "_orig_mod.backbone.blocks.6.norm1.bias", "_orig_mod.backbone.blocks.6.attn.qkv.weight", "_orig_mod.backbone.blocks.6.attn.qkv.bias", "_orig_mod.backbone.blocks.6.attn.proj.weight", "_orig_mod.backbone.blocks.6.attn.proj.bias", "_orig_mod.backbone.blocks.6.norm2.weight", "_orig_mod.backbone.blocks.6.norm2.bias", "_orig_mod.backbone.blocks.6.mlp.fc1.weight", "_orig_mod.backbone.blocks.6.mlp.fc1.bias", "_orig_mod.backbone.blocks.6.mlp.fc2.weight", "_orig_mod.backbone.blocks.6.mlp.fc2.bias", "_orig_mod.backbone.blocks.7.norm1.weight", "_orig_mod.backbone.blocks.7.norm1.bias", "_orig_mod.backbone.blocks.7.attn.qkv.weight", "_orig_mod.backbone.blocks.7.attn.qkv.bias", "_orig_mod.backbone.blocks.7.attn.proj.weight", "_orig_mod.backbone.blocks.7.attn.proj.bias", "_orig_mod.backbone.blocks.7.norm2.weight", "_orig_mod.backbone.blocks.7.norm2.bias", "_orig_mod.backbone.blocks.7.mlp.fc1.weight", "_orig_mod.backbone.blocks.7.mlp.fc1.bias", "_orig_mod.backbone.blocks.7.mlp.fc2.weight", "_orig_mod.backbone.blocks.7.mlp.fc2.bias", "_orig_mod.backbone.blocks.8.norm1.weight", "_orig_mod.backbone.blocks.8.norm1.bias", "_orig_mod.backbone.blocks.8.attn.qkv.weight", "_orig_mod.backbone.blocks.8.attn.qkv.bias", "_orig_mod.backbone.blocks.8.attn.proj.weight", "_orig_mod.backbone.blocks.8.attn.proj.bias", "_orig_mod.backbone.blocks.8.norm2.weight", "_orig_mod.backbone.blocks.8.norm2.bias", "_orig_mod.backbone.blocks.8.mlp.fc1.weight", "_orig_mod.backbone.blocks.8.mlp.fc1.bias", "_orig_mod.backbone.blocks.8.mlp.fc2.weight", "_orig_mod.backbone.blocks.8.mlp.fc2.bias", "_orig_mod.backbone.blocks.9.norm1.weight", "_orig_mod.backbone.blocks.9.norm1.bias", "_orig_mod.backbone.blocks.9.attn.qkv.weight", "_orig_mod.backbone.blocks.9.attn.qkv.bias", "_orig_mod.backbone.blocks.9.attn.proj.weight", "_orig_mod.backbone.blocks.9.attn.proj.bias", "_orig_mod.backbone.blocks.9.norm2.weight", "_orig_mod.backbone.blocks.9.norm2.bias", "_orig_mod.backbone.blocks.9.mlp.fc1.weight", "_orig_mod.backbone.blocks.9.mlp.fc1.bias", "_orig_mod.backbone.blocks.9.mlp.fc2.weight", "_orig_mod.backbone.blocks.9.mlp.fc2.bias", "_orig_mod.backbone.blocks.10.norm1.weight", "_orig_mod.backbone.blocks.10.norm1.bias", "_orig_mod.backbone.blocks.10.attn.qkv.weight", "_orig_mod.backbone.blocks.10.attn.qkv.bias", "_orig_mod.backbone.blocks.10.attn.proj.weight", "_orig_mod.backbone.blocks.10.attn.proj.bias", "_orig_mod.backbone.blocks.10.norm2.weight", "_orig_mod.backbone.blocks.10.norm2.bias", "_orig_mod.backbone.blocks.10.mlp.fc1.weight", "_orig_mod.backbone.blocks.10.mlp.fc1.bias", "_orig_mod.backbone.blocks.10.mlp.fc2.weight", "_orig_mod.backbone.blocks.10.mlp.fc2.bias", "_orig_mod.backbone.blocks.11.norm1.weight", "_orig_mod.backbone.blocks.11.norm1.bias", "_orig_mod.backbone.blocks.11.attn.qkv.weight", "_orig_mod.backbone.blocks.11.attn.qkv.bias", "_orig_mod.backbone.blocks.11.attn.proj.weight", "_orig_mod.backbone.blocks.11.attn.proj.bias", "_orig_mod.backbone.blocks.11.norm2.weight", "_orig_mod.backbone.blocks.11.norm2.bias", "_orig_mod.backbone.blocks.11.mlp.fc1.weight", "_orig_mod.backbone.blocks.11.mlp.fc1.bias", "_orig_mod.backbone.blocks.11.mlp.fc2.weight", "_orig_mod.backbone.blocks.11.mlp.fc2.bias", "_orig_mod.backbone.norm.weight", "_orig_mod.backbone.norm.bias", "_orig_mod.backbone.head.weight", "_orig_mod.backbone.head.bias", "_orig_mod.proj.0.weight", "_orig_mod.proj.0.bias", "_orig_mod.proj.1.weight", "_orig_mod.proj.1.bias", "_orig_mod.proj.1.running_mean", "_orig_mod.proj.1.running_var", "_orig_mod.proj.4.weight", "_orig_mod.proj.4.bias", "_orig_mod.proj.5.weight", "_orig_mod.proj.5.bias", "_orig_mod.proj.5.running_mean", "_orig_mod.proj.5.running_var", "_orig_mod.proj.8.weight", "_orig_mod.proj.8.bias". 
[rank0]: 	Unexpected key(s) in state_dict: "backbone.cls_token", "backbone.pos_embed", "backbone.patch_embed.proj.weight", "backbone.patch_embed.proj.bias", "backbone.blocks.0.norm1.weight", "backbone.blocks.0.norm1.bias", "backbone.blocks.0.attn.qkv.weight", "backbone.blocks.0.attn.qkv.bias", "backbone.blocks.0.attn.proj.weight", "backbone.blocks.0.attn.proj.bias", "backbone.blocks.0.norm2.weight", "backbone.blocks.0.norm2.bias", "backbone.blocks.0.mlp.fc1.weight", "backbone.blocks.0.mlp.fc1.bias", "backbone.blocks.0.mlp.fc2.weight", "backbone.blocks.0.mlp.fc2.bias", "backbone.blocks.1.norm1.weight", "backbone.blocks.1.norm1.bias", "backbone.blocks.1.attn.qkv.weight", "backbone.blocks.1.attn.qkv.bias", "backbone.blocks.1.attn.proj.weight", "backbone.blocks.1.attn.proj.bias", "backbone.blocks.1.norm2.weight", "backbone.blocks.1.norm2.bias", "backbone.blocks.1.mlp.fc1.weight", "backbone.blocks.1.mlp.fc1.bias", "backbone.blocks.1.mlp.fc2.weight", "backbone.blocks.1.mlp.fc2.bias", "backbone.blocks.2.norm1.weight", "backbone.blocks.2.norm1.bias", "backbone.blocks.2.attn.qkv.weight", "backbone.blocks.2.attn.qkv.bias", "backbone.blocks.2.attn.proj.weight", "backbone.blocks.2.attn.proj.bias", "backbone.blocks.2.norm2.weight", "backbone.blocks.2.norm2.bias", "backbone.blocks.2.mlp.fc1.weight", "backbone.blocks.2.mlp.fc1.bias", "backbone.blocks.2.mlp.fc2.weight", "backbone.blocks.2.mlp.fc2.bias", "backbone.blocks.3.norm1.weight", "backbone.blocks.3.norm1.bias", "backbone.blocks.3.attn.qkv.weight", "backbone.blocks.3.attn.qkv.bias", "backbone.blocks.3.attn.proj.weight", "backbone.blocks.3.attn.proj.bias", "backbone.blocks.3.norm2.weight", "backbone.blocks.3.norm2.bias", "backbone.blocks.3.mlp.fc1.weight", "backbone.blocks.3.mlp.fc1.bias", "backbone.blocks.3.mlp.fc2.weight", "backbone.blocks.3.mlp.fc2.bias", "backbone.blocks.4.norm1.weight", "backbone.blocks.4.norm1.bias", "backbone.blocks.4.attn.qkv.weight", "backbone.blocks.4.attn.qkv.bias", "backbone.blocks.4.attn.proj.weight", "backbone.blocks.4.attn.proj.bias", "backbone.blocks.4.norm2.weight", "backbone.blocks.4.norm2.bias", "backbone.blocks.4.mlp.fc1.weight", "backbone.blocks.4.mlp.fc1.bias", "backbone.blocks.4.mlp.fc2.weight", "backbone.blocks.4.mlp.fc2.bias", "backbone.blocks.5.norm1.weight", "backbone.blocks.5.norm1.bias", "backbone.blocks.5.attn.qkv.weight", "backbone.blocks.5.attn.qkv.bias", "backbone.blocks.5.attn.proj.weight", "backbone.blocks.5.attn.proj.bias", "backbone.blocks.5.norm2.weight", "backbone.blocks.5.norm2.bias", "backbone.blocks.5.mlp.fc1.weight", "backbone.blocks.5.mlp.fc1.bias", "backbone.blocks.5.mlp.fc2.weight", "backbone.blocks.5.mlp.fc2.bias", "backbone.blocks.6.norm1.weight", "backbone.blocks.6.norm1.bias", "backbone.blocks.6.attn.qkv.weight", "backbone.blocks.6.attn.qkv.bias", "backbone.blocks.6.attn.proj.weight", "backbone.blocks.6.attn.proj.bias", "backbone.blocks.6.norm2.weight", "backbone.blocks.6.norm2.bias", "backbone.blocks.6.mlp.fc1.weight", "backbone.blocks.6.mlp.fc1.bias", "backbone.blocks.6.mlp.fc2.weight", "backbone.blocks.6.mlp.fc2.bias", "backbone.blocks.7.norm1.weight", "backbone.blocks.7.norm1.bias", "backbone.blocks.7.attn.qkv.weight", "backbone.blocks.7.attn.qkv.bias", "backbone.blocks.7.attn.proj.weight", "backbone.blocks.7.attn.proj.bias", "backbone.blocks.7.norm2.weight", "backbone.blocks.7.norm2.bias", "backbone.blocks.7.mlp.fc1.weight", "backbone.blocks.7.mlp.fc1.bias", "backbone.blocks.7.mlp.fc2.weight", "backbone.blocks.7.mlp.fc2.bias", "backbone.blocks.8.norm1.weight", "backbone.blocks.8.norm1.bias", "backbone.blocks.8.attn.qkv.weight", "backbone.blocks.8.attn.qkv.bias", "backbone.blocks.8.attn.proj.weight", "backbone.blocks.8.attn.proj.bias", "backbone.blocks.8.norm2.weight", "backbone.blocks.8.norm2.bias", "backbone.blocks.8.mlp.fc1.weight", "backbone.blocks.8.mlp.fc1.bias", "backbone.blocks.8.mlp.fc2.weight", "backbone.blocks.8.mlp.fc2.bias", "backbone.blocks.9.norm1.weight", "backbone.blocks.9.norm1.bias", "backbone.blocks.9.attn.qkv.weight", "backbone.blocks.9.attn.qkv.bias", "backbone.blocks.9.attn.proj.weight", "backbone.blocks.9.attn.proj.bias", "backbone.blocks.9.norm2.weight", "backbone.blocks.9.norm2.bias", "backbone.blocks.9.mlp.fc1.weight", "backbone.blocks.9.mlp.fc1.bias", "backbone.blocks.9.mlp.fc2.weight", "backbone.blocks.9.mlp.fc2.bias", "backbone.blocks.10.norm1.weight", "backbone.blocks.10.norm1.bias", "backbone.blocks.10.attn.qkv.weight", "backbone.blocks.10.attn.qkv.bias", "backbone.blocks.10.attn.proj.weight", "backbone.blocks.10.attn.proj.bias", "backbone.blocks.10.norm2.weight", "backbone.blocks.10.norm2.bias", "backbone.blocks.10.mlp.fc1.weight", "backbone.blocks.10.mlp.fc1.bias", "backbone.blocks.10.mlp.fc2.weight", "backbone.blocks.10.mlp.fc2.bias", "backbone.blocks.11.norm1.weight", "backbone.blocks.11.norm1.bias", "backbone.blocks.11.attn.qkv.weight", "backbone.blocks.11.attn.qkv.bias", "backbone.blocks.11.attn.proj.weight", "backbone.blocks.11.attn.proj.bias", "backbone.blocks.11.norm2.weight", "backbone.blocks.11.norm2.bias", "backbone.blocks.11.mlp.fc1.weight", "backbone.blocks.11.mlp.fc1.bias", "backbone.blocks.11.mlp.fc2.weight", "backbone.blocks.11.mlp.fc2.bias", "backbone.norm.weight", "backbone.norm.bias", "backbone.head.weight", "backbone.head.bias", "proj.0.weight", "proj.0.bias", "proj.1.weight", "proj.1.bias", "proj.1.running_mean", "proj.1.running_var", "proj.1.num_batches_tracked", "proj.4.weight", "proj.4.bias", "proj.5.weight", "proj.5.bias", "proj.5.running_mean", "proj.5.running_var", "proj.5.num_batches_tracked", "proj.8.weight", "proj.8.bias". 
[rank3]: Traceback (most recent call last):
[rank3]:   File "/pscratch/sd/e/elavarpa/lejepa_tomography/main.py", line 166, in <module>
[rank3]:     main(default_cfg)
[rank3]:   File "/pscratch/sd/e/elavarpa/lejepa_tomography/env/lib/python3.12/site-packages/hydra/main.py", line 83, in decorated_main
[rank3]:     return task_function(cfg_passthrough)
[rank3]:            ^^^^^^^^^^^^^^^^^^^^^^^^^^^^^^
[rank3]:   File "/pscratch/sd/e/elavarpa/lejepa_tomography/main.py", line 93, in main
[rank3]:     net.module.load_state_dict(checkpoint['model_state_dict'])
[rank3]:   File "/pscratch/sd/e/elavarpa/lejepa_tomography/env/lib/python3.12/site-packages/torch/nn/modules/module.py", line 2639, in load_state_dict
[rank3]:     raise RuntimeError(
[rank3]: RuntimeError: Error(s) in loading state_dict for OptimizedModule:
[rank3]: 	Missing key(s) in state_dict: "_orig_mod.backbone.cls_token", "_orig_mod.backbone.pos_embed", "_orig_mod.backbone.patch_embed.proj.weight", "_orig_mod.backbone.patch_embed.proj.bias", "_orig_mod.backbone.blocks.0.norm1.weight", "_orig_mod.backbone.blocks.0.norm1.bias", "_orig_mod.backbone.blocks.0.attn.qkv.weight", "_orig_mod.backbone.blocks.0.attn.qkv.bias", "_orig_mod.backbone.blocks.0.attn.proj.weight", "_orig_mod.backbone.blocks.0.attn.proj.bias", "_orig_mod.backbone.blocks.0.norm2.weight", "_orig_mod.backbone.blocks.0.norm2.bias", "_orig_mod.backbone.blocks.0.mlp.fc1.weight", "_orig_mod.backbone.blocks.0.mlp.fc1.bias", "_orig_mod.backbone.blocks.0.mlp.fc2.weight", "_orig_mod.backbone.blocks.0.mlp.fc2.bias", "_orig_mod.backbone.blocks.1.norm1.weight", "_orig_mod.backbone.blocks.1.norm1.bias", "_orig_mod.backbone.blocks.1.attn.qkv.weight", "_orig_mod.backbone.blocks.1.attn.qkv.bias", "_orig_mod.backbone.blocks.1.attn.proj.weight", "_orig_mod.backbone.blocks.1.attn.proj.bias", "_orig_mod.backbone.blocks.1.norm2.weight", "_orig_mod.backbone.blocks.1.norm2.bias", "_orig_mod.backbone.blocks.1.mlp.fc1.weight", "_orig_mod.backbone.blocks.1.mlp.fc1.bias", "_orig_mod.backbone.blocks.1.mlp.fc2.weight", "_orig_mod.backbone.blocks.1.mlp.fc2.bias", "_orig_mod.backbone.blocks.2.norm1.weight", "_orig_mod.backbone.blocks.2.norm1.bias", "_orig_mod.backbone.blocks.2.attn.qkv.weight", "_orig_mod.backbone.blocks.2.attn.qkv.bias", "_orig_mod.backbone.blocks.2.attn.proj.weight", "_orig_mod.backbone.blocks.2.attn.proj.bias", "_orig_mod.backbone.blocks.2.norm2.weight", "_orig_mod.backbone.blocks.2.norm2.bias", "_orig_mod.backbone.blocks.2.mlp.fc1.weight", "_orig_mod.backbone.blocks.2.mlp.fc1.bias", "_orig_mod.backbone.blocks.2.mlp.fc2.weight", "_orig_mod.backbone.blocks.2.mlp.fc2.bias", "_orig_mod.backbone.blocks.3.norm1.weight", "_orig_mod.backbone.blocks.3.norm1.bias", "_orig_mod.backbone.blocks.3.attn.qkv.weight", "_orig_mod.backbone.blocks.3.attn.qkv.bias", "_orig_mod.backbone.blocks.3.attn.proj.weight", "_orig_mod.backbone.blocks.3.attn.proj.bias", "_orig_mod.backbone.blocks.3.norm2.weight", "_orig_mod.backbone.blocks.3.norm2.bias", "_orig_mod.backbone.blocks.3.mlp.fc1.weight", "_orig_mod.backbone.blocks.3.mlp.fc1.bias", "_orig_mod.backbone.blocks.3.mlp.fc2.weight", "_orig_mod.backbone.blocks.3.mlp.fc2.bias", "_orig_mod.backbone.blocks.4.norm1.weight", "_orig_mod.backbone.blocks.4.norm1.bias", "_orig_mod.backbone.blocks.4.attn.qkv.weight", "_orig_mod.backbone.blocks.4.attn.qkv.bias", "_orig_mod.backbone.blocks.4.attn.proj.weight", "_orig_mod.backbone.blocks.4.attn.proj.bias", "_orig_mod.backbone.blocks.4.norm2.weight", "_orig_mod.backbone.blocks.4.norm2.bias", "_orig_mod.backbone.blocks.4.mlp.fc1.weight", "_orig_mod.backbone.blocks.4.mlp.fc1.bias", "_orig_mod.backbone.blocks.4.mlp.fc2.weight", "_orig_mod.backbone.blocks.4.mlp.fc2.bias", "_orig_mod.backbone.blocks.5.norm1.weight", "_orig_mod.backbone.blocks.5.norm1.bias", "_orig_mod.backbone.blocks.5.attn.qkv.weight", "_orig_mod.backbone.blocks.5.attn.qkv.bias", "_orig_mod.backbone.blocks.5.attn.proj.weight", "_orig_mod.backbone.blocks.5.attn.proj.bias", "_orig_mod.backbone.blocks.5.norm2.weight", "_orig_mod.backbone.blocks.5.norm2.bias", "_orig_mod.backbone.blocks.5.mlp.fc1.weight", "_orig_mod.backbone.blocks.5.mlp.fc1.bias", "_orig_mod.backbone.blocks.5.mlp.fc2.weight", "_orig_mod.backbone.blocks.5.mlp.fc2.bias", "_orig_mod.backbone.blocks.6.norm1.weight", "_orig_mod.backbone.blocks.6.norm1.bias", "_orig_mod.backbone.blocks.6.attn.qkv.weight", "_orig_mod.backbone.blocks.6.attn.qkv.bias", "_orig_mod.backbone.blocks.6.attn.proj.weight", "_orig_mod.backbone.blocks.6.attn.proj.bias", "_orig_mod.backbone.blocks.6.norm2.weight", "_orig_mod.backbone.blocks.6.norm2.bias", "_orig_mod.backbone.blocks.6.mlp.fc1.weight", "_orig_mod.backbone.blocks.6.mlp.fc1.bias", "_orig_mod.backbone.blocks.6.mlp.fc2.weight", "_orig_mod.backbone.blocks.6.mlp.fc2.bias", "_orig_mod.backbone.blocks.7.norm1.weight", "_orig_mod.backbone.blocks.7.norm1.bias", "_orig_mod.backbone.blocks.7.attn.qkv.weight", "_orig_mod.backbone.blocks.7.attn.qkv.bias", "_orig_mod.backbone.blocks.7.attn.proj.weight", "_orig_mod.backbone.blocks.7.attn.proj.bias", "_orig_mod.backbone.blocks.7.norm2.weight", "_orig_mod.backbone.blocks.7.norm2.bias", "_orig_mod.backbone.blocks.7.mlp.fc1.weight", "_orig_mod.backbone.blocks.7.mlp.fc1.bias", "_orig_mod.backbone.blocks.7.mlp.fc2.weight", "_orig_mod.backbone.blocks.7.mlp.fc2.bias", "_orig_mod.backbone.blocks.8.norm1.weight", "_orig_mod.backbone.blocks.8.norm1.bias", "_orig_mod.backbone.blocks.8.attn.qkv.weight", "_orig_mod.backbone.blocks.8.attn.qkv.bias", "_orig_mod.backbone.blocks.8.attn.proj.weight", "_orig_mod.backbone.blocks.8.attn.proj.bias", "_orig_mod.backbone.blocks.8.norm2.weight", "_orig_mod.backbone.blocks.8.norm2.bias", "_orig_mod.backbone.blocks.8.mlp.fc1.weight", "_orig_mod.backbone.blocks.8.mlp.fc1.bias", "_orig_mod.backbone.blocks.8.mlp.fc2.weight", "_orig_mod.backbone.blocks.8.mlp.fc2.bias", "_orig_mod.backbone.blocks.9.norm1.weight", "_orig_mod.backbone.blocks.9.norm1.bias", "_orig_mod.backbone.blocks.9.attn.qkv.weight", "_orig_mod.backbone.blocks.9.attn.qkv.bias", "_orig_mod.backbone.blocks.9.attn.proj.weight", "_orig_mod.backbone.blocks.9.attn.proj.bias", "_orig_mod.backbone.blocks.9.norm2.weight", "_orig_mod.backbone.blocks.9.norm2.bias", "_orig_mod.backbone.blocks.9.mlp.fc1.weight", "_orig_mod.backbone.blocks.9.mlp.fc1.bias", "_orig_mod.backbone.blocks.9.mlp.fc2.weight", "_orig_mod.backbone.blocks.9.mlp.fc2.bias", "_orig_mod.backbone.blocks.10.norm1.weight", "_orig_mod.backbone.blocks.10.norm1.bias", "_orig_mod.backbone.blocks.10.attn.qkv.weight", "_orig_mod.backbone.blocks.10.attn.qkv.bias", "_orig_mod.backbone.blocks.10.attn.proj.weight", "_orig_mod.backbone.blocks.10.attn.proj.bias", "_orig_mod.backbone.blocks.10.norm2.weight", "_orig_mod.backbone.blocks.10.norm2.bias", "_orig_mod.backbone.blocks.10.mlp.fc1.weight", "_orig_mod.backbone.blocks.10.mlp.fc1.bias", "_orig_mod.backbone.blocks.10.mlp.fc2.weight", "_orig_mod.backbone.blocks.10.mlp.fc2.bias", "_orig_mod.backbone.blocks.11.norm1.weight", "_orig_mod.backbone.blocks.11.norm1.bias", "_orig_mod.backbone.blocks.11.attn.qkv.weight", "_orig_mod.backbone.blocks.11.attn.qkv.bias", "_orig_mod.backbone.blocks.11.attn.proj.weight", "_orig_mod.backbone.blocks.11.attn.proj.bias", "_orig_mod.backbone.blocks.11.norm2.weight", "_orig_mod.backbone.blocks.11.norm2.bias", "_orig_mod.backbone.blocks.11.mlp.fc1.weight", "_orig_mod.backbone.blocks.11.mlp.fc1.bias", "_orig_mod.backbone.blocks.11.mlp.fc2.weight", "_orig_mod.backbone.blocks.11.mlp.fc2.bias", "_orig_mod.backbone.norm.weight", "_orig_mod.backbone.norm.bias", "_orig_mod.backbone.head.weight", "_orig_mod.backbone.head.bias", "_orig_mod.proj.0.weight", "_orig_mod.proj.0.bias", "_orig_mod.proj.1.weight", "_orig_mod.proj.1.bias", "_orig_mod.proj.1.running_mean", "_orig_mod.proj.1.running_var", "_orig_mod.proj.4.weight", "_orig_mod.proj.4.bias", "_orig_mod.proj.5.weight", "_orig_mod.proj.5.bias", "_orig_mod.proj.5.running_mean", "_orig_mod.proj.5.running_var", "_orig_mod.proj.8.weight", "_orig_mod.proj.8.bias". 
[rank3]: 	Unexpected key(s) in state_dict: "backbone.cls_token", "backbone.pos_embed", "backbone.patch_embed.proj.weight", "backbone.patch_embed.proj.bias", "backbone.blocks.0.norm1.weight", "backbone.blocks.0.norm1.bias", "backbone.blocks.0.attn.qkv.weight", "backbone.blocks.0.attn.qkv.bias", "backbone.blocks.0.attn.proj.weight", "backbone.blocks.0.attn.proj.bias", "backbone.blocks.0.norm2.weight", "backbone.blocks.0.norm2.bias", "backbone.blocks.0.mlp.fc1.weight", "backbone.blocks.0.mlp.fc1.bias", "backbone.blocks.0.mlp.fc2.weight", "backbone.blocks.0.mlp.fc2.bias", "backbone.blocks.1.norm1.weight", "backbone.blocks.1.norm1.bias", "backbone.blocks.1.attn.qkv.weight", "backbone.blocks.1.attn.qkv.bias", "backbone.blocks.1.attn.proj.weight", "backbone.blocks.1.attn.proj.bias", "backbone.blocks.1.norm2.weight", "backbone.blocks.1.norm2.bias", "backbone.blocks.1.mlp.fc1.weight", "backbone.blocks.1.mlp.fc1.bias", "backbone.blocks.1.mlp.fc2.weight", "backbone.blocks.1.mlp.fc2.bias", "backbone.blocks.2.norm1.weight", "backbone.blocks.2.norm1.bias", "backbone.blocks.2.attn.qkv.weight", "backbone.blocks.2.attn.qkv.bias", "backbone.blocks.2.attn.proj.weight", "backbone.blocks.2.attn.proj.bias", "backbone.blocks.2.norm2.weight", "backbone.blocks.2.norm2.bias", "backbone.blocks.2.mlp.fc1.weight", "backbone.blocks.2.mlp.fc1.bias", "backbone.blocks.2.mlp.fc2.weight", "backbone.blocks.2.mlp.fc2.bias", "backbone.blocks.3.norm1.weight", "backbone.blocks.3.norm1.bias", "backbone.blocks.3.attn.qkv.weight", "backbone.blocks.3.attn.qkv.bias", "backbone.blocks.3.attn.proj.weight", "backbone.blocks.3.attn.proj.bias", "backbone.blocks.3.norm2.weight", "backbone.blocks.3.norm2.bias", "backbone.blocks.3.mlp.fc1.weight", "backbone.blocks.3.mlp.fc1.bias", "backbone.blocks.3.mlp.fc2.weight", "backbone.blocks.3.mlp.fc2.bias", "backbone.blocks.4.norm1.weight", "backbone.blocks.4.norm1.bias", "backbone.blocks.4.attn.qkv.weight", "backbone.blocks.4.attn.qkv.bias", "backbone.blocks.4.attn.proj.weight", "backbone.blocks.4.attn.proj.bias", "backbone.blocks.4.norm2.weight", "backbone.blocks.4.norm2.bias", "backbone.blocks.4.mlp.fc1.weight", "backbone.blocks.4.mlp.fc1.bias", "backbone.blocks.4.mlp.fc2.weight", "backbone.blocks.4.mlp.fc2.bias", "backbone.blocks.5.norm1.weight", "backbone.blocks.5.norm1.bias", "backbone.blocks.5.attn.qkv.weight", "backbone.blocks.5.attn.qkv.bias", "backbone.blocks.5.attn.proj.weight", "backbone.blocks.5.attn.proj.bias", "backbone.blocks.5.norm2.weight", "backbone.blocks.5.norm2.bias", "backbone.blocks.5.mlp.fc1.weight", "backbone.blocks.5.mlp.fc1.bias", "backbone.blocks.5.mlp.fc2.weight", "backbone.blocks.5.mlp.fc2.bias", "backbone.blocks.6.norm1.weight", "backbone.blocks.6.norm1.bias", "backbone.blocks.6.attn.qkv.weight", "backbone.blocks.6.attn.qkv.bias", "backbone.blocks.6.attn.proj.weight", "backbone.blocks.6.attn.proj.bias", "backbone.blocks.6.norm2.weight", "backbone.blocks.6.norm2.bias", "backbone.blocks.6.mlp.fc1.weight", "backbone.blocks.6.mlp.fc1.bias", "backbone.blocks.6.mlp.fc2.weight", "backbone.blocks.6.mlp.fc2.bias", "backbone.blocks.7.norm1.weight", "backbone.blocks.7.norm1.bias", "backbone.blocks.7.attn.qkv.weight", "backbone.blocks.7.attn.qkv.bias", "backbone.blocks.7.attn.proj.weight", "backbone.blocks.7.attn.proj.bias", "backbone.blocks.7.norm2.weight", "backbone.blocks.7.norm2.bias", "backbone.blocks.7.mlp.fc1.weight", "backbone.blocks.7.mlp.fc1.bias", "backbone.blocks.7.mlp.fc2.weight", "backbone.blocks.7.mlp.fc2.bias", "backbone.blocks.8.norm1.weight", "backbone.blocks.8.norm1.bias", "backbone.blocks.8.attn.qkv.weight", "backbone.blocks.8.attn.qkv.bias", "backbone.blocks.8.attn.proj.weight", "backbone.blocks.8.attn.proj.bias", "backbone.blocks.8.norm2.weight", "backbone.blocks.8.norm2.bias", "backbone.blocks.8.mlp.fc1.weight", "backbone.blocks.8.mlp.fc1.bias", "backbone.blocks.8.mlp.fc2.weight", "backbone.blocks.8.mlp.fc2.bias", "backbone.blocks.9.norm1.weight", "backbone.blocks.9.norm1.bias", "backbone.blocks.9.attn.qkv.weight", "backbone.blocks.9.attn.qkv.bias", "backbone.blocks.9.attn.proj.weight", "backbone.blocks.9.attn.proj.bias", "backbone.blocks.9.norm2.weight", "backbone.blocks.9.norm2.bias", "backbone.blocks.9.mlp.fc1.weight", "backbone.blocks.9.mlp.fc1.bias", "backbone.blocks.9.mlp.fc2.weight", "backbone.blocks.9.mlp.fc2.bias", "backbone.blocks.10.norm1.weight", "backbone.blocks.10.norm1.bias", "backbone.blocks.10.attn.qkv.weight", "backbone.blocks.10.attn.qkv.bias", "backbone.blocks.10.attn.proj.weight", "backbone.blocks.10.attn.proj.bias", "backbone.blocks.10.norm2.weight", "backbone.blocks.10.norm2.bias", "backbone.blocks.10.mlp.fc1.weight", "backbone.blocks.10.mlp.fc1.bias", "backbone.blocks.10.mlp.fc2.weight", "backbone.blocks.10.mlp.fc2.bias", "backbone.blocks.11.norm1.weight", "backbone.blocks.11.norm1.bias", "backbone.blocks.11.attn.qkv.weight", "backbone.blocks.11.attn.qkv.bias", "backbone.blocks.11.attn.proj.weight", "backbone.blocks.11.attn.proj.bias", "backbone.blocks.11.norm2.weight", "backbone.blocks.11.norm2.bias", "backbone.blocks.11.mlp.fc1.weight", "backbone.blocks.11.mlp.fc1.bias", "backbone.blocks.11.mlp.fc2.weight", "backbone.blocks.11.mlp.fc2.bias", "backbone.norm.weight", "backbone.norm.bias", "backbone.head.weight", "backbone.head.bias", "proj.0.weight", "proj.0.bias", "proj.1.weight", "proj.1.bias", "proj.1.running_mean", "proj.1.running_var", "proj.1.num_batches_tracked", "proj.4.weight", "proj.4.bias", "proj.5.weight", "proj.5.bias", "proj.5.running_mean", "proj.5.running_var", "proj.5.num_batches_tracked", "proj.8.weight", "proj.8.bias". 
nid003729:267311:267381 [1] NCCL INFO comm 0xf321400 rank 1 nRanks 4 cudaDev 1 busId 41000 - Abort START
nid003729:267311:267381 [1] NCCL INFO misc/socket.cc:64 -> 3
nid003729:267311:267381 [1] NCCL INFO misc/socket.cc:81 -> 3
nid003729:267311:267381 [1] NCCL INFO misc/socket.cc:868 -> 3
nid003729:267311:267381 [1] NCCL INFO misc/socket.cc:64 -> 3
nid003729:267311:267381 [1] NCCL INFO misc/socket.cc:81 -> 3
nid003729:267311:267381 [1] NCCL INFO misc/socket.cc:868 -> 3
nid003729:267311:267381 [1] NCCL INFO misc/socket.cc:64 -> 3
nid003729:267311:267381 [1] NCCL INFO misc/socket.cc:81 -> 3
nid003729:267311:267381 [1] NCCL INFO misc/socket.cc:868 -> 3
nid003729:267311:267373 [1] NCCL INFO misc/socket.cc:943 -> 3
nid003729:267311:267381 [1] NCCL INFO misc/socket.cc:64 -> 3
nid003729:267311:267381 [1] NCCL INFO misc/socket.cc:81 -> 3
nid003729:267311:267381 [1] NCCL INFO misc/socket.cc:868 -> 3
nid003729:267312:267382 [2] NCCL INFO comm 0x10e3b380 rank 2 nRanks 4 cudaDev 2 busId 82000 - Abort START
nid003729:267312:267382 [2] NCCL INFO misc/socket.cc:64 -> 3
nid003729:267312:267382 [2] NCCL INFO misc/socket.cc:81 -> 3
nid003729:267312:267382 [2] NCCL INFO misc/socket.cc:868 -> 3
nid003729:267312:267382 [2] NCCL INFO misc/socket.cc:64 -> 3
nid003729:267312:267382 [2] NCCL INFO misc/socket.cc:81 -> 3
nid003729:267312:267382 [2] NCCL INFO misc/socket.cc:868 -> 3
nid003729:267312:267382 [2] NCCL INFO misc/socket.cc:64 -> 3
nid003729:267312:267382 [2] NCCL INFO misc/socket.cc:81 -> 3
nid003729:267312:267382 [2] NCCL INFO misc/socket.cc:868 -> 3
nid003729:267312:267382 [2] NCCL INFO misc/socket.cc:64 -> 3
nid003729:267312:267382 [2] NCCL INFO misc/socket.cc:81 -> 3
nid003729:267311:267373 [1] NCCL INFO misc/socket.cc:943 -> 3
nid003729:267312:267382 [2] NCCL INFO misc/socket.cc:868 -> 3
nid003729:267312:267377 [2] NCCL INFO misc/socket.cc:943 -> 3
nid003729:267313:267383 [3] NCCL INFO comm 0x10774f00 rank 3 nRanks 4 cudaDev 3 busId c1000 - Abort START
nid003729:267313:267383 [3] NCCL INFO misc/socket.cc:64 -> 3
nid003729:267313:267383 [3] NCCL INFO misc/socket.cc:81 -> 3
nid003729:267313:267383 [3] NCCL INFO misc/socket.cc:868 -> 3
nid003729:267313:267383 [3] NCCL INFO misc/socket.cc:64 -> 3
nid003729:267313:267383 [3] NCCL INFO misc/socket.cc:81 -> 3
nid003729:267313:267383 [3] NCCL INFO misc/socket.cc:868 -> 3
nid003729:267313:267383 [3] NCCL INFO misc/socket.cc:64 -> 3
nid003729:267313:267383 [3] NCCL INFO misc/socket.cc:81 -> 3
nid003729:267313:267383 [3] NCCL INFO misc/socket.cc:868 -> 3
nid003729:267313:267383 [3] NCCL INFO misc/socket.cc:64 -> 3
nid003729:267313:267383 [3] NCCL INFO misc/socket.cc:81 -> 3
nid003729:267313:267383 [3] NCCL INFO misc/socket.cc:868 -> 3
nid003729:267312:267377 [2] NCCL INFO misc/socket.cc:943 -> 3
nid003729:267313:267379 [3] NCCL INFO misc/socket.cc:943 -> 3
[rank0]:[W408 17:01:37.509649406 ProcessGroupNCCL.cpp:1575] Warning: WARNING: destroy_process_group() was not called before program exit, which can leak resources. For more info, please see https://pytorch.org/docs/stable/distributed.html#shutdown (function operator())
nid003729:267310:267384 [0] NCCL INFO comm 0xdbecb90 rank 0 nRanks 4 cudaDev 0 busId 3000 - Abort START
nid003729:267310:267384 [0] NCCL INFO misc/socket.cc:64 -> 3
nid003729:267310:267384 [0] NCCL INFO misc/socket.cc:81 -> 3
nid003729:267310:267384 [0] NCCL INFO misc/socket.cc:868 -> 3
nid003729:267310:267375 [0] NCCL INFO misc/socket.cc:943 -> 3
nid003729:267310:267384 [0] NCCL INFO misc/socket.cc:64 -> 3
nid003729:267310:267384 [0] NCCL INFO misc/socket.cc:81 -> 3
nid003729:267310:267384 [0] NCCL INFO misc/socket.cc:868 -> 3
nid003729:267310:267384 [0] NCCL INFO misc/socket.cc:64 -> 3
nid003729:267310:267384 [0] NCCL INFO misc/socket.cc:81 -> 3
nid003729:267310:267384 [0] NCCL INFO misc/socket.cc:868 -> 3
nid003729:267310:267384 [0] NCCL INFO misc/socket.cc:64 -> 3
nid003729:267310:267384 [0] NCCL INFO misc/socket.cc:81 -> 3
nid003729:267310:267384 [0] NCCL INFO misc/socket.cc:868 -> 3
nid003729:267313:267379 [3] NCCL INFO misc/socket.cc:943 -> 3
nid003729:267311:267381 [1] NCCL INFO comm 0xf321400 rank 1 nranks 4 cudaDev 1 busId 41000 - Abort COMPLETE
nid003729:267313:267383 [3] NCCL INFO comm 0x10774f00 rank 3 nranks 4 cudaDev 3 busId c1000 - Abort COMPLETE
nid003729:267312:267382 [2] NCCL INFO comm 0x10e3b380 rank 2 nranks 4 cudaDev 2 busId 82000 - Abort COMPLETE
nid003729:267313:267313 [3] NCCL INFO ENV/Plugin: Closing env plugin ncclEnvDefault
nid003729:267311:267311 [1] NCCL INFO ENV/Plugin: Closing env plugin ncclEnvDefault
nid003729:267312:267312 [2] NCCL INFO ENV/Plugin: Closing env plugin ncclEnvDefault
nid003729:267310:267384 [0] NCCL INFO comm 0xdbecb90 rank 0 nranks 4 cudaDev 0 busId 3000 - Abort COMPLETE
nid003729:267310:267310 [0] NCCL INFO ENV/Plugin: Closing env plugin ncclEnvDefault
W0408 17:01:39.074000 267093 torch/distributed/elastic/multiprocessing/api.py:1012] Sending process 267311 closing signal SIGTERM
W0408 17:01:39.075000 267093 torch/distributed/elastic/multiprocessing/api.py:1012] Sending process 267312 closing signal SIGTERM
W0408 17:01:39.076000 267093 torch/distributed/elastic/multiprocessing/api.py:1012] Sending process 267313 closing signal SIGTERM
E0408 17:01:39.340000 267093 torch/distributed/elastic/multiprocessing/api.py:986] failed (exitcode: 1) local_rank: 0 (pid: 267310) of binary: /usr/bin/python
Traceback (most recent call last):
  File "/usr/local/bin/torchrun", line 33, in <module>
    sys.exit(load_entry_point('torch==2.7.0a0+ecf3bae40a.nv25.2', 'console_scripts', 'torchrun')())
             ^^^^^^^^^^^^^^^^^^^^^^^^^^^^^^^^^^^^^^^^^^^^^^^^^^^^^^^^^^^^^^^^^^^^^^^^^^^^^^^^^^^^^
  File "/pscratch/sd/e/elavarpa/lejepa_tomography/env/lib/python3.12/site-packages/torch/distributed/elastic/multiprocessing/errors/__init__.py", line 362, in wrapper
    return f(*args, **kwargs)
           ^^^^^^^^^^^^^^^^^^
  File "/pscratch/sd/e/elavarpa/lejepa_tomography/env/lib/python3.12/site-packages/torch/distributed/run.py", line 990, in main
    run(args)
  File "/pscratch/sd/e/elavarpa/lejepa_tomography/env/lib/python3.12/site-packages/torch/distributed/run.py", line 981, in run
    elastic_launch(
  File "/pscratch/sd/e/elavarpa/lejepa_tomography/env/lib/python3.12/site-packages/torch/distributed/launcher/api.py", line 170, in __call__
    return launch_agent(self._config, self._entrypoint, list(args))
           ^^^^^^^^^^^^^^^^^^^^^^^^^^^^^^^^^^^^^^^^^^^^^^^^^^^^^^^^
  File "/pscratch/sd/e/elavarpa/lejepa_tomography/env/lib/python3.12/site-packages/torch/distributed/launcher/api.py", line 317, in launch_agent
    raise ChildFailedError(
torch.distributed.elastic.multiprocessing.errors.ChildFailedError: 
============================================================
main.py FAILED
------------------------------------------------------------
Failures:
[1]:
  time      : 2026-04-08_17:01:39
  host      : nid003729-hsn0
  rank      : 1 (local_rank: 1)
  exitcode  : 1 (pid: 267311)
  error_file: <N/A>
  traceback : To enable traceback see: https://pytorch.org/docs/stable/elastic/errors.html
[2]:
  time      : 2026-04-08_17:01:39
  host      : nid003729-hsn0
  rank      : 2 (local_rank: 2)
  exitcode  : 1 (pid: 267312)
  error_file: <N/A>
  traceback : To enable traceback see: https://pytorch.org/docs/stable/elastic/errors.html
[3]:
  time      : 2026-04-08_17:01:39
  host      : nid003729-hsn0
  rank      : 3 (local_rank: 3)
  exitcode  : 1 (pid: 267313)
  error_file: <N/A>
  traceback : To enable traceback see: https://pytorch.org/docs/stable/elastic/errors.html
------------------------------------------------------------
Root Cause (first observed failure):
[0]:
  time      : 2026-04-08_17:01:39
  host      : nid003729-hsn0
  rank      : 0 (local_rank: 0)
  exitcode  : 1 (pid: 267310)
  error_file: <N/A>
  traceback : To enable traceback see: https://pytorch.org/docs/stable/elastic/errors.html
============================================================
srun: error: nid003729: task 0: Exited with exit code 1
srun: Terminating StepId=51223560.0
