[Rank 1/4 - Local 1] Available GPUs: 1
Warning: local_rank 1 >= num_gpus 1. Defaulting to 0.
[rank1]: Traceback (most recent call last):
[rank1]:   File "/pscratch/sd/e/elavarpa/lejepa_tomography/main.py", line 126, in <module>
[rank1]:     main(default_cfg)
[rank1]:   File "/pscratch/sd/e/elavarpa/lejepa_tomography/env/lib/python3.12/site-packages/hydra/main.py", line 83, in decorated_main
[rank1]:     return task_function(cfg_passthrough)
[rank1]:            ^^^^^^^^^^^^^^^^^^^^^^^^^^^^^^
[rank1]:   File "/pscratch/sd/e/elavarpa/lejepa_tomography/main.py", line 45, in main
[rank1]:     train_ds = TomographyH5Dataset(
[rank1]:                ^^^^^^^^^^^^^^^^^^^^
[rank1]:   File "/pscratch/sd/e/elavarpa/lejepa_tomography/dataset.py", line 22, in __init__
[rank1]:     self.length = f[self.dataset_key].shape[0]
[rank1]:                   ~^^^^^^^^^^^^^^^^^^
[rank1]:   File "h5py/_objects.pyx", line 54, in h5py._objects.with_phil.wrapper
[rank1]:   File "h5py/_objects.pyx", line 55, in h5py._objects.with_phil.wrapper
[rank1]:   File "/usr/local/lib/python3.12/dist-packages/h5py/_hl/group.py", line 360, in __getitem__
[rank1]:     oid = h5o.open(self.id, self._e(name), lapl=self._lapl)
[rank1]:           ^^^^^^^^^^^^^^^^^^^^^^^^^^^^^^^^^^^^^^^^^^^^^^^^^
[rank1]:   File "h5py/_objects.pyx", line 54, in h5py._objects.with_phil.wrapper
[rank1]:   File "h5py/_objects.pyx", line 55, in h5py._objects.with_phil.wrapper
[rank1]:   File "h5py/h5o.pyx", line 257, in h5py.h5o.open
[rank1]: KeyError: "Unable to open object (object 'data' doesn't exist)"
[Rank 3/4 - Local 3] Available GPUs: 1
Warning: local_rank 3 >= num_gpus 1. Defaulting to 0.
[rank3]: Traceback (most recent call last):
[rank3]:   File "/pscratch/sd/e/elavarpa/lejepa_tomography/main.py", line 126, in <module>
[rank3]:     main(default_cfg)
[rank3]:   File "/pscratch/sd/e/elavarpa/lejepa_tomography/env/lib/python3.12/site-packages/hydra/main.py", line 83, in decorated_main
[rank3]:     return task_function(cfg_passthrough)
[rank3]:            ^^^^^^^^^^^^^^^^^^^^^^^^^^^^^^
[rank3]:   File "/pscratch/sd/e/elavarpa/lejepa_tomography/main.py", line 45, in main
[rank3]:     train_ds = TomographyH5Dataset(
[rank3]:                ^^^^^^^^^^^^^^^^^^^^
[rank3]:   File "/pscratch/sd/e/elavarpa/lejepa_tomography/dataset.py", line 22, in __init__
[rank3]:     self.length = f[self.dataset_key].shape[0]
[rank3]:                   ~^^^^^^^^^^^^^^^^^^
[rank3]:   File "h5py/_objects.pyx", line 54, in h5py._objects.with_phil.wrapper
[rank3]:   File "h5py/_objects.pyx", line 55, in h5py._objects.with_phil.wrapper
[rank3]:   File "/usr/local/lib/python3.12/dist-packages/h5py/_hl/group.py", line 360, in __getitem__
[rank3]:     oid = h5o.open(self.id, self._e(name), lapl=self._lapl)
[rank3]:           ^^^^^^^^^^^^^^^^^^^^^^^^^^^^^^^^^^^^^^^^^^^^^^^^^
[rank3]:   File "h5py/_objects.pyx", line 54, in h5py._objects.with_phil.wrapper
[rank3]:   File "h5py/_objects.pyx", line 55, in h5py._objects.with_phil.wrapper
[rank3]:   File "h5py/h5o.pyx", line 257, in h5py.h5o.open
[rank3]: KeyError: "Unable to open object (object 'data' doesn't exist)"
[Rank 2/4 - Local 2] Available GPUs: 1
Warning: local_rank 2 >= num_gpus 1. Defaulting to 0.
[rank2]: Traceback (most recent call last):
[rank2]:   File "/pscratch/sd/e/elavarpa/lejepa_tomography/main.py", line 126, in <module>
[rank2]:     main(default_cfg)
[rank2]:   File "/pscratch/sd/e/elavarpa/lejepa_tomography/env/lib/python3.12/site-packages/hydra/main.py", line 83, in decorated_main
[rank2]:     return task_function(cfg_passthrough)
[rank2]:            ^^^^^^^^^^^^^^^^^^^^^^^^^^^^^^
[rank2]:   File "/pscratch/sd/e/elavarpa/lejepa_tomography/main.py", line 45, in main
[rank2]:     train_ds = TomographyH5Dataset(
[rank2]:                ^^^^^^^^^^^^^^^^^^^^
[rank2]:   File "/pscratch/sd/e/elavarpa/lejepa_tomography/dataset.py", line 22, in __init__
[rank2]:     self.length = f[self.dataset_key].shape[0]
[rank2]:                   ~^^^^^^^^^^^^^^^^^^
[rank2]:   File "h5py/_objects.pyx", line 54, in h5py._objects.with_phil.wrapper
[rank2]:   File "h5py/_objects.pyx", line 55, in h5py._objects.with_phil.wrapper
[rank2]:   File "/usr/local/lib/python3.12/dist-packages/h5py/_hl/group.py", line 360, in __getitem__
[rank2]:     oid = h5o.open(self.id, self._e(name), lapl=self._lapl)
[rank2]:           ^^^^^^^^^^^^^^^^^^^^^^^^^^^^^^^^^^^^^^^^^^^^^^^^^
[rank2]:   File "h5py/_objects.pyx", line 54, in h5py._objects.with_phil.wrapper
[rank2]:   File "h5py/_objects.pyx", line 55, in h5py._objects.with_phil.wrapper
[rank2]:   File "h5py/h5o.pyx", line 257, in h5py.h5o.open
[rank2]: KeyError: "Unable to open object (object 'data' doesn't exist)"
[rank1]:[W401 13:09:27.147095083 ProcessGroupNCCL.cpp:1575] Warning: WARNING: destroy_process_group() was not called before program exit, which can leak resources. For more info, please see https://pytorch.org/docs/stable/distributed.html#shutdown (function operator())
[rank3]:[W401 13:09:27.353242799 ProcessGroupNCCL.cpp:1575] Warning: WARNING: destroy_process_group() was not called before program exit, which can leak resources. For more info, please see https://pytorch.org/docs/stable/distributed.html#shutdown (function operator())
nid008540:1310247:1311092 [0] NCCL INFO ENV/Plugin: Could not find: libnccl-env.so
nid008540:1310247:1310247 [0] NCCL INFO ENV/Plugin: Closing env plugin ncclEnvDefault
[rank2]:[W401 13:09:27.430166628 ProcessGroupNCCL.cpp:1575] Warning: WARNING: destroy_process_group() was not called before program exit, which can leak resources. For more info, please see https://pytorch.org/docs/stable/distributed.html#shutdown (function operator())
[Rank 0/4 - Local 0] Available GPUs: 1
[rank0]: Traceback (most recent call last):
[rank0]:   File "/pscratch/sd/e/elavarpa/lejepa_tomography/main.py", line 126, in <module>
[rank0]:     main(default_cfg)
[rank0]:   File "/pscratch/sd/e/elavarpa/lejepa_tomography/env/lib/python3.12/site-packages/hydra/main.py", line 83, in decorated_main
[rank0]:     return task_function(cfg_passthrough)
[rank0]:            ^^^^^^^^^^^^^^^^^^^^^^^^^^^^^^
[rank0]:   File "/pscratch/sd/e/elavarpa/lejepa_tomography/main.py", line 45, in main
[rank0]:     train_ds = TomographyH5Dataset(
[rank0]:                ^^^^^^^^^^^^^^^^^^^^
[rank0]:   File "/pscratch/sd/e/elavarpa/lejepa_tomography/dataset.py", line 22, in __init__
[rank0]:     self.length = f[self.dataset_key].shape[0]
[rank0]:                   ~^^^^^^^^^^^^^^^^^^
[rank0]:   File "h5py/_objects.pyx", line 54, in h5py._objects.with_phil.wrapper
[rank0]:   File "h5py/_objects.pyx", line 55, in h5py._objects.with_phil.wrapper
[rank0]:   File "/usr/local/lib/python3.12/dist-packages/h5py/_hl/group.py", line 360, in __getitem__
[rank0]:     oid = h5o.open(self.id, self._e(name), lapl=self._lapl)
[rank0]:           ^^^^^^^^^^^^^^^^^^^^^^^^^^^^^^^^^^^^^^^^^^^^^^^^^
[rank0]:   File "h5py/_objects.pyx", line 54, in h5py._objects.with_phil.wrapper
[rank0]:   File "h5py/_objects.pyx", line 55, in h5py._objects.with_phil.wrapper
[rank0]:   File "h5py/h5o.pyx", line 257, in h5py.h5o.open
[rank0]: KeyError: "Unable to open object (object 'data' doesn't exist)"
nid008540:1310251:1311093 [0] NCCL INFO ENV/Plugin: Could not find: libnccl-env.so
nid008540:1310251:1310251 [0] NCCL INFO ENV/Plugin: Closing env plugin ncclEnvDefault
nid008540:1310249:1311095 [0] NCCL INFO ENV/Plugin: Could not find: libnccl-env.so
nid008540:1310249:1310249 [0] NCCL INFO ENV/Plugin: Closing env plugin ncclEnvDefault
[rank0]:[W401 13:09:27.789900897 ProcessGroupNCCL.cpp:1575] Warning: WARNING: destroy_process_group() was not called before program exit, which can leak resources. For more info, please see https://pytorch.org/docs/stable/distributed.html#shutdown (function operator())
nid008540:1310246:1311098 [0] NCCL INFO ENV/Plugin: Could not find: libnccl-env.so
nid008540:1310246:1310246 [0] NCCL INFO ENV/Plugin: Closing env plugin ncclEnvDefault
srun: error: nid008540: task 2: Exited with exit code 1
srun: Terminating StepId=50830522.0
[2026-04-01T20:09:28.583] error: *** STEP 50830522.0 ON nid008540 CANCELLED AT 2026-04-01T20:09:28 DUE TO TASK FAILURE ***
srun: error: nid008540: tasks 0-1,3: Exited with exit code 1
