Traceback (most recent call last):
  File "/pscratch/sd/e/elavarpa/lejepa_tomography/main.py", line 116, in <module>
    main(default_cfg)
  File "/pscratch/sd/e/elavarpa/lejepa_tomography/env/lib/python3.12/site-packages/hydra/main.py", line 83, in decorated_main
    return task_function(cfg_passthrough)
           ^^^^^^^^^^^^^^^^^^^^^^^^^^^^^^
  File "/pscratch/sd/e/elavarpa/lejepa_tomography/main.py", line 25, in main
    torch.cuda.set_device(local_rank)
  File "/pscratch/sd/e/elavarpa/lejepa_tomography/env/lib/python3.12/site-packages/torch/cuda/__init__.py", line 638, in set_device
    torch._C._cuda_setDevice(device)
torch.AcceleratorError: CUDA error: invalid device ordinal
GPU device may be out of range, do you have enough GPUs?
CUDA kernel errors might be asynchronously reported at some other API call, so the stacktrace below might be incorrect.
For debugging consider passing CUDA_LAUNCH_BLOCKING=1
Compile with `TORCH_USE_CUDA_DSA` to enable device-side assertions.

Traceback (most recent call last):
  File "/pscratch/sd/e/elavarpa/lejepa_tomography/main.py", line 116, in <module>
    main(default_cfg)
  File "/pscratch/sd/e/elavarpa/lejepa_tomography/env/lib/python3.12/site-packages/hydra/main.py", line 83, in decorated_main
    return task_function(cfg_passthrough)
           ^^^^^^^^^^^^^^^^^^^^^^^^^^^^^^
  File "/pscratch/sd/e/elavarpa/lejepa_tomography/main.py", line 25, in main
    torch.cuda.set_device(local_rank)
  File "/pscratch/sd/e/elavarpa/lejepa_tomography/env/lib/python3.12/site-packages/torch/cuda/__init__.py", line 638, in set_device
    torch._C._cuda_setDevice(device)
torch.AcceleratorError: CUDA error: invalid device ordinal
GPU device may be out of range, do you have enough GPUs?
CUDA kernel errors might be asynchronously reported at some other API call, so the stacktrace below might be incorrect.
For debugging consider passing CUDA_LAUNCH_BLOCKING=1
Compile with `TORCH_USE_CUDA_DSA` to enable device-side assertions.

Traceback (most recent call last):
  File "/pscratch/sd/e/elavarpa/lejepa_tomography/main.py", line 116, in <module>
    main(default_cfg)
  File "/pscratch/sd/e/elavarpa/lejepa_tomography/env/lib/python3.12/site-packages/hydra/main.py", line 83, in decorated_main
    return task_function(cfg_passthrough)
           ^^^^^^^^^^^^^^^^^^^^^^^^^^^^^^
  File "/pscratch/sd/e/elavarpa/lejepa_tomography/main.py", line 25, in main
    torch.cuda.set_device(local_rank)
  File "/pscratch/sd/e/elavarpa/lejepa_tomography/env/lib/python3.12/site-packages/torch/cuda/__init__.py", line 638, in set_device
    torch._C._cuda_setDevice(device)
torch.AcceleratorError: CUDA error: invalid device ordinal
GPU device may be out of range, do you have enough GPUs?
CUDA kernel errors might be asynchronously reported at some other API call, so the stacktrace below might be incorrect.
For debugging consider passing CUDA_LAUNCH_BLOCKING=1
Compile with `TORCH_USE_CUDA_DSA` to enable device-side assertions.

srun: error: nid003644: tasks 1-3: Exited with exit code 1
srun: Terminating StepId=50829640.0
[2026-04-01T19:43:25.616] error: *** STEP 50829640.0 ON nid003644 CANCELLED AT 2026-04-01T19:43:25 DUE TO TASK FAILURE ***
srun: error: nid003644: task 0: Terminated
srun: Force Terminated StepId=50829640.0
